{"C:\\Users\\camil\\OneDrive\\Bureau\\projet\\kd\\src\\components\\common\\StatCard.css": {"path":"C:\\Users\\camil\\OneDrive\\Bureau\\projet\\kd\\src\\components\\common\\StatCard.css","statementMap":{},"fnMap":{},"branchMap":{},"s":{},"f":{},"b":{},"meta":{"lastBranch":0,"lastFunction":0,"lastStatement":0,"seen":{},"fnNames":{}}}
,"C:\\Users\\camil\\OneDrive\\Bureau\\projet\\kd\\src\\components\\common\\StatCard.jsx": {"path":"C:\\Users\\camil\\OneDrive\\Bureau\\projet\\kd\\src\\components\\common\\StatCard.jsx","statementMap":{"0":{"start":{"line":4,"column":6},"end":{"line":19,"column":null}},"1":{"start":{"line":5,"column":2},"end":{"line":17,"column":null}}},"fnMap":{"0":{"name":"(anonymous_0)","decl":{"start":{"line":4,"column":6},"end":{"line":4,"column":18}},"loc":{"start":{"line":4,"column":75},"end":{"line":19,"column":null}},"line":4}},"branchMap":{"0":{"loc":{"start":{"line":4,"column":40},"end":{"line":4,"column":56}},"type":"default-arg","locations":[{"start":{"line":4,"column":48},"end":{"line":4,"column":56}}],"line":4},"1":{"loc":{"start":{"line":4,"column":56},"end":{"line":4,"column":75}},"type":"default-arg","locations":[{"start":{"line":4,"column":64},"end":{"line":4,"column":75}}],"line":4},"2":{"loc":{"start":{"line":11,"column":9},"end":{"line":14,"column":null}},"type":"binary-expr","locations":[{"start":{"line":11,"column":9},"end":{"line":11,"column":null}},{"start":{"line":12,"column":10},"end":{"line":14,"column":null}}],"line":11},"3":{"loc":{"start":{"line":13,"column":13},"end":{"line":13,"column":60}},"type":"cond-expr","locations":[{"start":{"line":13,"column":40},"end":{"line":13,"column":51}},{"start":{"line":13,"column":51},"end":{"line":13,"column":60}}],"line":13}},"s":{"0":1,"1":32},"f":{"0":32},"b":{"0":[32],"1":[32],"2":[32,0],"3":[0,0]},"meta":{"lastBranch":4,"lastFunction":1,"lastStatement":2,"seen":{"s:4:6:19:Infinity":0,"f:4:6:4:18":0,"b:4:48:4:56":0,"b:4:64:4:75":1,"s:5:2:17:Infinity":1,"b:11:9:11:Infinity:12:10:14:Infinity":2,"b:13:40:13:51:13:51:13:60":3},"fnNames":{}}}
,"C:\\Users\\camil\\OneDrive\\Bureau\\projet\\kd\\src\\config\\firebase.js": {"path":"C:\\Users\\camil\\OneDrive\\Bureau\\projet\\kd\\src\\config\\firebase.js","statementMap":{"0":{"start":{"line":4,"column":23},"end":{"line":11,"column":1}},"1":{"start":{"line":13,"column":12},"end":{"line":13,"column":41}},"2":{"start":{"line":14,"column":18},"end":{"line":14,"column":35}}},"fnMap":{},"branchMap":{},"s":{"0":4,"1":4,"2":4},"f":{},"b":{},"meta":{"lastBranch":0,"lastFunction":0,"lastStatement":3,"seen":{"s:4:23:11:1":0,"s:13:12:13:41":1,"s:14:18:14:35":2},"fnNames":{}}}
,"C:\\Users\\camil\\OneDrive\\Bureau\\projet\\kd\\src\\context\\AuthContext.jsx": {"path":"C:\\Users\\camil\\OneDrive\\Bureau\\projet\\kd\\src\\context\\AuthContext.jsx","statementMap":{"0":{"start":{"line":6,"column":20},"end":{"line":6,"column":34}},"1":{"start":{"line":8,"column":13},"end":{"line":106,"column":null}},"2":{"start":{"line":9,"column":26},"end":{"line":9,"column":null}},"3":{"start":{"line":10,"column":32},"end":{"line":10,"column":null}},"4":{"start":{"line":12,"column":2},"end":{"line":22,"column":null}},"5":{"start":{"line":13,"column":22},"end":{"line":13,"column":null}},"6":{"start":{"line":14,"column":4},"end":{"line":20,"column":null}},"7":{"start":{"line":15,"column":6},"end":{"line":19,"column":null}},"8":{"start":{"line":16,"column":8},"end":{"line":16,"column":null}},"9":{"start":{"line":18,"column":8},"end":{"line":18,"column":null}},"10":{"start":{"line":21,"column":4},"end":{"line":21,"column":null}},"11":{"start":{"line":24,"column":16},"end":{"line":60,"column":null}},"12":{"start":{"line":25,"column":4},"end":{"line":25,"column":null}},"13":{"start":{"line":26,"column":4},"end":{"line":59,"column":null}},"14":{"start":{"line":27,"column":6},"end":{"line":29,"column":null}},"15":{"start":{"line":28,"column":8},"end":{"line":28,"column":null}},"16":{"start":{"line":31,"column":19},"end":{"line":31,"column":null}},"17":{"start":{"line":32,"column":27},"end":{"line":32,"column":null}},"18":{"start":{"line":34,"column":20},"end":{"line":36,"column":null}},"19":{"start":{"line":35,"column":13},"end":{"line":35,"column":null}},"20":{"start":{"line":38,"column":6},"end":{"line":40,"column":null}},"21":{"start":{"line":39,"column":8},"end":{"line":39,"column":null}},"22":{"start":{"line":42,"column":28},"end":{"line":42,"column":null}},"23":{"start":{"line":43,"column":6},"end":{"line":45,"column":null}},"24":{"start":{"line":44,"column":8},"end":{"line":44,"column":null}},"25":{"start":{"line":47,"column":6},"end":{"line":49,"column":null}},"26":{"start":{"line":48,"column":8},"end":{"line":48,"column":null}},"27":{"start":{"line":51,"column":23},"end":{"line":51,"column":null}},"28":{"start":{"line":52,"column":6},"end":{"line":52,"column":null}},"29":{"start":{"line":54,"column":6},"end":{"line":54,"column":null}},"30":{"start":{"line":55,"column":6},"end":{"line":55,"column":null}},"31":{"start":{"line":56,"column":6},"end":{"line":56,"column":null}},"32":{"start":{"line":58,"column":6},"end":{"line":58,"column":null}},"33":{"start":{"line":62,"column":21},"end":{"line":66,"column":null}},"34":{"start":{"line":63,"column":4},"end":{"line":63,"column":null}},"35":{"start":{"line":64,"column":4},"end":{"line":64,"column":null}},"36":{"start":{"line":65,"column":4},"end":{"line":65,"column":null}},"37":{"start":{"line":68,"column":17},"end":{"line":71,"column":null}},"38":{"start":{"line":69,"column":4},"end":{"line":69,"column":null}},"39":{"start":{"line":70,"column":4},"end":{"line":70,"column":null}},"40":{"start":{"line":73,"column":24},"end":{"line":75,"column":null}},"41":{"start":{"line":74,"column":4},"end":{"line":74,"column":null}},"42":{"start":{"line":77,"column":27},"end":{"line":79,"column":null}},"43":{"start":{"line":78,"column":4},"end":{"line":78,"column":null}},"44":{"start":{"line":81,"column":28},"end":{"line":83,"column":null}},"45":{"start":{"line":82,"column":4},"end":{"line":82,"column":null}},"46":{"start":{"line":85,"column":25},"end":{"line":87,"column":null}},"47":{"start":{"line":86,"column":4},"end":{"line":86,"column":null}},"48":{"start":{"line":89,"column":16},"end":{"line":103,"column":null}},"49":{"start":{"line":105,"column":2},"end":{"line":105,"column":null}},"50":{"start":{"line":108,"column":13},"end":{"line":108,"column":null}},"51":{"start":{"line":108,"column":29},"end":{"line":108,"column":null}}},"fnMap":{"0":{"name":"(anonymous_0)","decl":{"start":{"line":8,"column":13},"end":{"line":8,"column":29}},"loc":{"start":{"line":8,"column":46},"end":{"line":106,"column":null}},"line":8},"1":{"name":"(anonymous_1)","decl":{"start":{"line":12,"column":2},"end":{"line":12,"column":18}},"loc":{"start":{"line":12,"column":18},"end":{"line":22,"column":5}},"line":12},"2":{"name":"(anonymous_2)","decl":{"start":{"line":24,"column":16},"end":{"line":24,"column":23}},"loc":{"start":{"line":24,"column":46},"end":{"line":60,"column":null}},"line":24},"3":{"name":"(anonymous_3)","decl":{"start":{"line":34,"column":33},"end":{"line":34,"column":null}},"loc":{"start":{"line":35,"column":13},"end":{"line":35,"column":null}},"line":35},"4":{"name":"(anonymous_4)","decl":{"start":{"line":62,"column":21},"end":{"line":62,"column":28}},"loc":{"start":{"line":62,"column":44},"end":{"line":66,"column":null}},"line":62},"5":{"name":"(anonymous_5)","decl":{"start":{"line":68,"column":17},"end":{"line":68,"column":35}},"loc":{"start":{"line":68,"column":35},"end":{"line":71,"column":5}},"line":68},"6":{"name":"(anonymous_6)","decl":{"start":{"line":73,"column":24},"end":{"line":73,"column":37}},"loc":{"start":{"line":73,"column":52},"end":{"line":75,"column":5}},"line":73},"7":{"name":"(anonymous_7)","decl":{"start":{"line":77,"column":27},"end":{"line":77,"column":40}},"loc":{"start":{"line":77,"column":56},"end":{"line":79,"column":5}},"line":77},"8":{"name":"(anonymous_8)","decl":{"start":{"line":81,"column":28},"end":{"line":81,"column":41}},"loc":{"start":{"line":81,"column":57},"end":{"line":83,"column":5}},"line":81},"9":{"name":"(anonymous_9)","decl":{"start":{"line":85,"column":25},"end":{"line":85,"column":38}},"loc":{"start":{"line":85,"column":55},"end":{"line":87,"column":5}},"line":85},"10":{"name":"(anonymous_10)","decl":{"start":{"line":108,"column":13},"end":{"line":108,"column":29}},"loc":{"start":{"line":108,"column":29},"end":{"line":108,"column":null}},"line":108}},"branchMap":{"0":{"loc":{"start":{"line":14,"column":4},"end":{"line":20,"column":null}},"type":"if","locations":[{"start":{"line":14,"column":4},"end":{"line":20,"column":null}},{"start":{},"end":{}}],"line":14},"1":{"loc":{"start":{"line":27,"column":6},"end":{"line":29,"column":null}},"type":"if","locations":[{"start":{"line":27,"column":6},"end":{"line":29,"column":null}},{"start":{},"end":{}}],"line":27},"2":{"loc":{"start":{"line":27,"column":10},"end":{"line":27,"column":34}},"type":"binary-expr","locations":[{"start":{"line":27,"column":10},"end":{"line":27,"column":23}},{"start":{"line":27,"column":23},"end":{"line":27,"column":34}}],"line":27},"3":{"loc":{"start":{"line":32,"column":27},"end":{"line":32,"column":null}},"type":"binary-expr","locations":[{"start":{"line":32,"column":27},"end":{"line":32,"column":48}},{"start":{"line":32,"column":48},"end":{"line":32,"column":null}}],"line":32},"4":{"loc":{"start":{"line":38,"column":6},"end":{"line":40,"column":null}},"type":"if","locations":[{"start":{"line":38,"column":6},"end":{"line":40,"column":null}},{"start":{},"end":{}}],"line":38},"5":{"loc":{"start":{"line":43,"column":6},"end":{"line":45,"column":null}},"type":"if","locations":[{"start":{"line":43,"column":6},"end":{"line":45,"column":null}},{"start":{},"end":{}}],"line":43},"6":{"loc":{"start":{"line":47,"column":6},"end":{"line":49,"column":null}},"type":"if","locations":[{"start":{"line":47,"column":6},"end":{"line":49,"column":null}},{"start":{},"end":{}}],"line":47},"7":{"loc":{"start":{"line":95,"column":13},"end":{"line":95,"column":null}},"type":"binary-expr","locations":[{"start":{"line":95,"column":13},"end":{"line":95,"column":39}},{"start":{"line":95,"column":39},"end":{"line":95,"column":null}}],"line":95}},"s":{"0":3,"1":3,"2":0,"3":0,"4":0,"5":0,"6":0,"7":0,"8":0,"9":0,"10":0,"11":0,"12":0,"13":0,"14":0,"15":0,"16":0,"17":0,"18":0,"19":0,"20":0,"21":0,"22":0,"23":0,"24":0,"25":0,"26":0,"27":0,"28":0,"29":0,"30":0,"31":0,"32":0,"33":0,"34":0,"35":0,"36":0,"37":0,"38":0,"39":0,"40":0,"41":0,"42":0,"43":0,"44":0,"45":0,"46":0,"47":0,"48":0,"49":0,"50":3,"51":0},"f":{"0":0,"1":0,"2":0,"3":0,"4":0,"5":0,"6":0,"7":0,"8":0,"9":0,"10":0},"b":{"0":[0,0],"1":[0,0],"2":[0,0],"3":[0,0],"4":[0,0],"5":[0,0],"6":[0,0],"7":[0,0]},"meta":{"lastBranch":8,"lastFunction":11,"lastStatement":52,"seen":{"s:6:20:6:34":0,"s:8:13:106:Infinity":1,"f:8:13:8:29":0,"s:9:26:9:Infinity":2,"s:10:32:10:Infinity":3,"s:12:2:22:Infinity":4,"f:12:2:12:18":1,"s:13:22:13:Infinity":5,"b:14:4:20:Infinity:undefined:undefined:undefined:undefined":0,"s:14:4:20:Infinity":6,"s:15:6:19:Infinity":7,"s:16:8:16:Infinity":8,"s:18:8:18:Infinity":9,"s:21:4:21:Infinity":10,"s:24:16:60:Infinity":11,"f:24:16:24:23":2,"s:25:4:25:Infinity":12,"s:26:4:59:Infinity":13,"b:27:6:29:Infinity:undefined:undefined:undefined:undefined":1,"s:27:6:29:Infinity":14,"b:27:10:27:23:27:23:27:34":2,"s:28:8:28:Infinity":15,"s:31:19:31:Infinity":16,"s:32:27:32:Infinity":17,"b:32:27:32:48:32:48:32:Infinity":3,"s:34:20:36:Infinity":18,"f:34:33:34:Infinity":3,"s:35:13:35:Infinity":19,"b:38:6:40:Infinity:undefined:undefined:undefined:undefined":4,"s:38:6:40:Infinity":20,"s:39:8:39:Infinity":21,"s:42:28:42:Infinity":22,"b:43:6:45:Infinity:undefined:undefined:undefined:undefined":5,"s:43:6:45:Infinity":23,"s:44:8:44:Infinity":24,"b:47:6:49:Infinity:undefined:undefined:undefined:undefined":6,"s:47:6:49:Infinity":25,"s:48:8:48:Infinity":26,"s:51:23:51:Infinity":27,"s:52:6:52:Infinity":28,"s:54:6:54:Infinity":29,"s:55:6:55:Infinity":30,"s:56:6:56:Infinity":31,"s:58:6:58:Infinity":32,"s:62:21:66:Infinity":33,"f:62:21:62:28":4,"s:63:4:63:Infinity":34,"s:64:4:64:Infinity":35,"s:65:4:65:Infinity":36,"s:68:17:71:Infinity":37,"f:68:17:68:35":5,"s:69:4:69:Infinity":38,"s:70:4:70:Infinity":39,"s:73:24:75:Infinity":40,"f:73:24:73:37":6,"s:74:4:74:Infinity":41,"s:77:27:79:Infinity":42,"f:77:27:77:40":7,"s:78:4:78:Infinity":43,"s:81:28:83:Infinity":44,"f:81:28:81:41":8,"s:82:4:82:Infinity":45,"s:85:25:87:Infinity":46,"f:85:25:85:38":9,"s:86:4:86:Infinity":47,"s:89:16:103:Infinity":48,"b:95:13:95:39:95:39:95:Infinity":7,"s:105:2:105:Infinity":49,"s:108:13:108:Infinity":50,"f:108:13:108:29":10,"s:108:29:108:Infinity":51},"fnNames":{}}}
,"C:\\Users\\camil\\OneDrive\\Bureau\\projet\\kd\\src\\context\\NotificationContext.jsx": {"path":"C:\\Users\\camil\\OneDrive\\Bureau\\projet\\kd\\src\\context\\NotificationContext.jsx","statementMap":{"0":{"start":{"line":3,"column":28},"end":{"line":3,"column":42}},"1":{"start":{"line":5,"column":15},"end":{"line":5,"column":null}},"2":{"start":{"line":7,"column":13},"end":{"line":65,"column":null}},"3":{"start":{"line":8,"column":44},"end":{"line":8,"column":null}},"4":{"start":{"line":9,"column":20},"end":{"line":9,"column":null}},"5":{"start":{"line":11,"column":29},"end":{"line":32,"column":null}},"6":{"start":{"line":13,"column":4},"end":{"line":16,"column":null}},"7":{"start":{"line":14,"column":6},"end":{"line":14,"column":null}},"8":{"start":{"line":15,"column":6},"end":{"line":15,"column":null}},"9":{"start":{"line":18,"column":4},"end":{"line":31,"column":null}},"10":{"start":{"line":20,"column":6},"end":{"line":20,"column":null}},"11":{"start":{"line":20,"column":31},"end":{"line":20,"column":88}},"12":{"start":{"line":20,"column":45},"end":{"line":20,"column":87}},"13":{"start":{"line":21,"column":6},"end":{"line":24,"column":null}},"14":{"start":{"line":22,"column":8},"end":{"line":22,"column":null}},"15":{"start":{"line":22,"column":33},"end":{"line":22,"column":62}},"16":{"start":{"line":22,"column":50},"end":{"line":22,"column":61}},"17":{"start":{"line":23,"column":8},"end":{"line":23,"column":null}},"18":{"start":{"line":26,"column":6},"end":{"line":26,"column":null}},"19":{"start":{"line":26,"column":31},"end":{"line":26,"column":60}},"20":{"start":{"line":26,"column":48},"end":{"line":26,"column":59}},"21":{"start":{"line":27,"column":6},"end":{"line":30,"column":null}},"22":{"start":{"line":28,"column":8},"end":{"line":28,"column":null}},"23":{"start":{"line":29,"column":8},"end":{"line":29,"column":null}},"24":{"start":{"line":34,"column":17},"end":{"line":45,"column":null}},"25":{"start":{"line":35,"column":15},"end":{"line":35,"column":null}},"26":{"start":{"line":36,"column":25},"end":{"line":36,"column":null}},"27":{"start":{"line":37,"column":4},"end":{"line":37,"column":null}},"28":{"start":{"line":37,"column":29},"end":{"line":37,"column":52}},"29":{"start":{"line":39,"column":4},"end":{"line":43,"column":null}},"30":{"start":{"line":40,"column":6},"end":{"line":42,"column":null}},"31":{"start":{"line":41,"column":8},"end":{"line":41,"column":null}},"32":{"start":{"line":44,"column":4},"end":{"line":44,"column":null}},"33":{"start":{"line":47,"column":18},"end":{"line":47,"column":null}},"34":{"start":{"line":47,"column":49},"end":{"line":47,"column":83}},"35":{"start":{"line":48,"column":16},"end":{"line":48,"column":null}},"36":{"start":{"line":48,"column":47},"end":{"line":48,"column":79}},"37":{"start":{"line":49,"column":18},"end":{"line":49,"column":null}},"38":{"start":{"line":49,"column":49},"end":{"line":49,"column":83}},"39":{"start":{"line":50,"column":15},"end":{"line":50,"column":null}},"40":{"start":{"line":50,"column":46},"end":{"line":50,"column":77}},"41":{"start":{"line":52,"column":2},"end":{"line":63,"column":null}},"42":{"start":{"line":67,"column":13},"end":{"line":67,"column":null}},"43":{"start":{"line":67,"column":37},"end":{"line":67,"column":null}}},"fnMap":{"0":{"name":"(anonymous_0)","decl":{"start":{"line":7,"column":13},"end":{"line":7,"column":37}},"loc":{"start":{"line":7,"column":54},"end":{"line":65,"column":null}},"line":7},"1":{"name":"(anonymous_1)","decl":{"start":{"line":11,"column":29},"end":{"line":11,"column":42}},"loc":{"start":{"line":11,"column":66},"end":{"line":32,"column":5}},"line":11},"2":{"name":"(anonymous_2)","decl":{"start":{"line":20,"column":6},"end":{"line":20,"column":23}},"loc":{"start":{"line":20,"column":31},"end":{"line":20,"column":88}},"line":20},"3":{"name":"(anonymous_3)","decl":{"start":{"line":20,"column":36},"end":{"line":20,"column":40}},"loc":{"start":{"line":20,"column":45},"end":{"line":20,"column":87}},"line":20},"4":{"name":"(anonymous_4)","decl":{"start":{"line":21,"column":30},"end":{"line":21,"column":47}},"loc":{"start":{"line":21,"column":47},"end":{"line":24,"column":9}},"line":21},"5":{"name":"(anonymous_5)","decl":{"start":{"line":22,"column":8},"end":{"line":22,"column":25}},"loc":{"start":{"line":22,"column":33},"end":{"line":22,"column":62}},"line":22},"6":{"name":"(anonymous_6)","decl":{"start":{"line":22,"column":38},"end":{"line":22,"column":45}},"loc":{"start":{"line":22,"column":50},"end":{"line":22,"column":61}},"line":22},"7":{"name":"(anonymous_7)","decl":{"start":{"line":26,"column":6},"end":{"line":26,"column":23}},"loc":{"start":{"line":26,"column":31},"end":{"line":26,"column":60}},"line":26},"8":{"name":"(anonymous_8)","decl":{"start":{"line":26,"column":36},"end":{"line":26,"column":43}},"loc":{"start":{"line":26,"column":48},"end":{"line":26,"column":59}},"line":26},"9":{"name":"(anonymous_9)","decl":{"start":{"line":34,"column":17},"end":{"line":34,"column":30}},"loc":{"start":{"line":34,"column":74},"end":{"line":45,"column":5}},"line":34},"10":{"name":"(anonymous_10)","decl":{"start":{"line":37,"column":4},"end":{"line":37,"column":21}},"loc":{"start":{"line":37,"column":29},"end":{"line":37,"column":52}},"line":37},"11":{"name":"(anonymous_11)","decl":{"start":{"line":40,"column":30},"end":{"line":40,"column":47}},"loc":{"start":{"line":40,"column":47},"end":{"line":42,"column":9}},"line":40},"12":{"name":"(anonymous_12)","decl":{"start":{"line":47,"column":18},"end":{"line":47,"column":31}},"loc":{"start":{"line":47,"column":49},"end":{"line":47,"column":83}},"line":47},"13":{"name":"(anonymous_13)","decl":{"start":{"line":48,"column":16},"end":{"line":48,"column":29}},"loc":{"start":{"line":48,"column":47},"end":{"line":48,"column":79}},"line":48},"14":{"name":"(anonymous_14)","decl":{"start":{"line":49,"column":18},"end":{"line":49,"column":31}},"loc":{"start":{"line":49,"column":49},"end":{"line":49,"column":83}},"line":49},"15":{"name":"(anonymous_15)","decl":{"start":{"line":50,"column":15},"end":{"line":50,"column":28}},"loc":{"start":{"line":50,"column":46},"end":{"line":50,"column":77}},"line":50},"16":{"name":"(anonymous_16)","decl":{"start":{"line":67,"column":13},"end":{"line":67,"column":37}},"loc":{"start":{"line":67,"column":37},"end":{"line":67,"column":null}},"line":67}},"branchMap":{"0":{"loc":{"start":{"line":11,"column":46},"end":{"line":11,"column":66}},"type":"default-arg","locations":[{"start":{"line":11,"column":57},"end":{"line":11,"column":66}}],"line":11},"1":{"loc":{"start":{"line":13,"column":4},"end":{"line":16,"column":null}},"type":"if","locations":[{"start":{"line":13,"column":4},"end":{"line":16,"column":null}},{"start":{},"end":{}}],"line":13},"2":{"loc":{"start":{"line":18,"column":4},"end":{"line":31,"column":null}},"type":"if","locations":[{"start":{"line":18,"column":4},"end":{"line":31,"column":null}},{"start":{"line":25,"column":11},"end":{"line":31,"column":null}}],"line":18},"3":{"loc":{"start":{"line":20,"column":45},"end":{"line":20,"column":87}},"type":"cond-expr","locations":[{"start":{"line":20,"column":59},"end":{"line":20,"column":86}},{"start":{"line":20,"column":86},"end":{"line":20,"column":87}}],"line":20},"4":{"loc":{"start":{"line":27,"column":6},"end":{"line":30,"column":null}},"type":"if","locations":[{"start":{"line":27,"column":6},"end":{"line":30,"column":null}},{"start":{},"end":{}}],"line":27},"5":{"loc":{"start":{"line":34,"column":39},"end":{"line":34,"column":54}},"type":"default-arg","locations":[{"start":{"line":34,"column":46},"end":{"line":34,"column":54}}],"line":34},"6":{"loc":{"start":{"line":34,"column":54},"end":{"line":34,"column":74}},"type":"default-arg","locations":[{"start":{"line":34,"column":65},"end":{"line":34,"column":74}}],"line":34},"7":{"loc":{"start":{"line":39,"column":4},"end":{"line":43,"column":null}},"type":"if","locations":[{"start":{"line":39,"column":4},"end":{"line":43,"column":null}},{"start":{},"end":{}}],"line":39}},"s":{"0":2,"1":2,"2":2,"3":0,"4":0,"5":0,"6":0,"7":0,"8":0,"9":0,"10":0,"11":0,"12":0,"13":0,"14":0,"15":0,"16":0,"17":0,"18":0,"19":0,"20":0,"21":0,"22":0,"23":0,"24":0,"25":0,"26":0,"27":0,"28":0,"29":0,"30":0,"31":0,"32":0,"33":0,"34":0,"35":0,"36":0,"37":0,"38":0,"39":0,"40":0,"41":0,"42":2,"43":0},"f":{"0":0,"1":0,"2":0,"3":0,"4":0,"5":0,"6":0,"7":0,"8":0,"9":0,"10":0,"11":0,"12":0,"13":0,"14":0,"15":0,"16":0},"b":{"0":[0],"1":[0,0],"2":[0,0],"3":[0,0],"4":[0,0],"5":[0],"6":[0],"7":[0,0]},"meta":{"lastBranch":8,"lastFunction":17,"lastStatement":44,"seen":{"s:3:28:3:42":0,"s:5:15:5:Infinity":1,"s:7:13:65:Infinity":2,"f:7:13:7:37":0,"s:8:44:8:Infinity":3,"s:9:20:9:Infinity":4,"s:11:29:32:Infinity":5,"f:11:29:11:42":1,"b:11:57:11:66":0,"b:13:4:16:Infinity:undefined:undefined:undefined:undefined":1,"s:13:4:16:Infinity":6,"s:14:6:14:Infinity":7,"s:15:6:15:Infinity":8,"b:18:4:31:Infinity:25:11:31:Infinity":2,"s:18:4:31:Infinity":9,"s:20:6:20:Infinity":10,"f:20:6:20:23":2,"s:20:31:20:88":11,"f:20:36:20:40":3,"s:20:45:20:87":12,"b:20:59:20:86:20:86:20:87":3,"s:21:6:24:Infinity":13,"f:21:30:21:47":4,"s:22:8:22:Infinity":14,"f:22:8:22:25":5,"s:22:33:22:62":15,"f:22:38:22:45":6,"s:22:50:22:61":16,"s:23:8:23:Infinity":17,"s:26:6:26:Infinity":18,"f:26:6:26:23":7,"s:26:31:26:60":19,"f:26:36:26:43":8,"s:26:48:26:59":20,"b:27:6:30:Infinity:undefined:undefined:undefined:undefined":4,"s:27:6:30:Infinity":21,"s:28:8:28:Infinity":22,"s:29:8:29:Infinity":23,"s:34:17:45:Infinity":24,"f:34:17:34:30":9,"b:34:46:34:54":5,"b:34:65:34:74":6,"s:35:15:35:Infinity":25,"s:36:25:36:Infinity":26,"s:37:4:37:Infinity":27,"f:37:4:37:21":10,"s:37:29:37:52":28,"b:39:4:43:Infinity:undefined:undefined:undefined:undefined":7,"s:39:4:43:Infinity":29,"s:40:6:42:Infinity":30,"f:40:30:40:47":11,"s:41:8:41:Infinity":31,"s:44:4:44:Infinity":32,"s:47:18:47:Infinity":33,"f:47:18:47:31":12,"s:47:49:47:83":34,"s:48:16:48:Infinity":35,"f:48:16:48:29":13,"s:48:47:48:79":36,"s:49:18:49:Infinity":37,"f:49:18:49:31":14,"s:49:49:49:83":38,"s:50:15:50:Infinity":39,"f:50:15:50:28":15,"s:50:46:50:77":40,"s:52:2:63:Infinity":41,"s:67:13:67:Infinity":42,"f:67:13:67:37":16,"s:67:37:67:Infinity":43},"fnNames":{}}}
,"C:\\Users\\camil\\OneDrive\\Bureau\\projet\\kd\\src\\data\\initialData.js": {"path":"C:\\Users\\camil\\OneDrive\\Bureau\\projet\\kd\\src\\data\\initialData.js","statementMap":{"0":{"start":{"line":1,"column":27},"end":{"line":42,"column":1}}},"fnMap":{},"branchMap":{},"s":{"0":4},"f":{},"b":{},"meta":{"lastBranch":0,"lastFunction":0,"lastStatement":1,"seen":{"s:1:27:42:1":0},"fnNames":{}}}
,"C:\\Users\\camil\\OneDrive\\Bureau\\projet\\kd\\src\\hooks\\useDataQueries.js": {"path":"C:\\Users\\camil\\OneDrive\\Bureau\\projet\\kd\\src\\hooks\\useDataQueries.js","statementMap":{"0":{"start":{"line":8,"column":25},"end":{"line":20,"column":1}},"1":{"start":{"line":25,"column":21},"end":{"line":27,"column":1}},"2":{"start":{"line":26,"column":2},"end":{"line":26,"column":null}},"3":{"start":{"line":29,"column":22},"end":{"line":31,"column":1}},"4":{"start":{"line":30,"column":2},"end":{"line":30,"column":null}},"5":{"start":{"line":33,"column":20},"end":{"line":35,"column":1}},"6":{"start":{"line":34,"column":2},"end":{"line":34,"column":null}},"7":{"start":{"line":37,"column":22},"end":{"line":39,"column":1}},"8":{"start":{"line":38,"column":2},"end":{"line":38,"column":null}},"9":{"start":{"line":41,"column":23},"end":{"line":43,"column":1}},"10":{"start":{"line":42,"column":2},"end":{"line":42,"column":null}},"11":{"start":{"line":45,"column":26},"end":{"line":47,"column":1}},"12":{"start":{"line":46,"column":2},"end":{"line":46,"column":null}},"13":{"start":{"line":49,"column":19},"end":{"line":51,"column":1}},"14":{"start":{"line":50,"column":2},"end":{"line":50,"column":null}},"15":{"start":{"line":53,"column":24},"end":{"line":55,"column":1}},"16":{"start":{"line":54,"column":2},"end":{"line":54,"column":null}},"17":{"start":{"line":64,"column":26},"end":{"line":71,"column":1}},"18":{"start":{"line":65,"column":2},"end":{"line":70,"column":null}},"19":{"start":{"line":76,"column":27},"end":{"line":83,"column":1}},"20":{"start":{"line":77,"column":2},"end":{"line":82,"column":null}},"21":{"start":{"line":88,"column":25},"end":{"line":95,"column":1}},"22":{"start":{"line":89,"column":2},"end":{"line":94,"column":null}},"23":{"start":{"line":100,"column":27},"end":{"line":107,"column":1}},"24":{"start":{"line":101,"column":2},"end":{"line":106,"column":null}},"25":{"start":{"line":112,"column":28},"end":{"line":119,"column":1}},"26":{"start":{"line":113,"column":2},"end":{"line":118,"column":null}},"27":{"start":{"line":124,"column":31},"end":{"line":131,"column":1}},"28":{"start":{"line":125,"column":2},"end":{"line":130,"column":null}},"29":{"start":{"line":136,"column":24},"end":{"line":143,"column":1}},"30":{"start":{"line":137,"column":2},"end":{"line":142,"column":null}},"31":{"start":{"line":148,"column":29},"end":{"line":155,"column":1}},"32":{"start":{"line":149,"column":2},"end":{"line":154,"column":null}},"33":{"start":{"line":165,"column":36},"end":{"line":175,"column":1}},"34":{"start":{"line":166,"column":22},"end":{"line":166,"column":38}},"35":{"start":{"line":168,"column":21},"end":{"line":172,"column":3}},"36":{"start":{"line":169,"column":4},"end":{"line":171,"column":null}},"37":{"start":{"line":170,"column":6},"end":{"line":170,"column":null}},"38":{"start":{"line":174,"column":2},"end":{"line":174,"column":null}},"39":{"start":{"line":180,"column":26},"end":{"line":190,"column":1}},"40":{"start":{"line":181,"column":22},"end":{"line":181,"column":38}},"41":{"start":{"line":182,"column":21},"end":{"line":182,"column":43}},"42":{"start":{"line":184,"column":2},"end":{"line":189,"column":null}},"43":{"start":{"line":185,"column":26},"end":{"line":185,"column":58}},"44":{"start":{"line":187,"column":6},"end":{"line":187,"column":null}},"45":{"start":{"line":195,"column":29},"end":{"line":205,"column":1}},"46":{"start":{"line":196,"column":22},"end":{"line":196,"column":38}},"47":{"start":{"line":197,"column":21},"end":{"line":197,"column":43}},"48":{"start":{"line":199,"column":2},"end":{"line":204,"column":null}},"49":{"start":{"line":200,"column":37},"end":{"line":200,"column":79}},"50":{"start":{"line":202,"column":6},"end":{"line":202,"column":null}},"51":{"start":{"line":210,"column":29},"end":{"line":220,"column":1}},"52":{"start":{"line":211,"column":22},"end":{"line":211,"column":38}},"53":{"start":{"line":212,"column":21},"end":{"line":212,"column":43}},"54":{"start":{"line":214,"column":2},"end":{"line":219,"column":null}},"55":{"start":{"line":215,"column":24},"end":{"line":215,"column":57}},"56":{"start":{"line":217,"column":6},"end":{"line":217,"column":null}}},"fnMap":{"0":{"name":"(anonymous_0)","decl":{"start":{"line":25,"column":21},"end":{"line":25,"column":22}},"loc":{"start":{"line":25,"column":27},"end":{"line":27,"column":1}},"line":25},"1":{"name":"(anonymous_1)","decl":{"start":{"line":29,"column":22},"end":{"line":29,"column":23}},"loc":{"start":{"line":29,"column":28},"end":{"line":31,"column":1}},"line":29},"2":{"name":"(anonymous_2)","decl":{"start":{"line":33,"column":20},"end":{"line":33,"column":21}},"loc":{"start":{"line":33,"column":26},"end":{"line":35,"column":1}},"line":33},"3":{"name":"(anonymous_3)","decl":{"start":{"line":37,"column":22},"end":{"line":37,"column":23}},"loc":{"start":{"line":37,"column":28},"end":{"line":39,"column":1}},"line":37},"4":{"name":"(anonymous_4)","decl":{"start":{"line":41,"column":23},"end":{"line":41,"column":24}},"loc":{"start":{"line":41,"column":29},"end":{"line":43,"column":1}},"line":41},"5":{"name":"(anonymous_5)","decl":{"start":{"line":45,"column":26},"end":{"line":45,"column":27}},"loc":{"start":{"line":45,"column":32},"end":{"line":47,"column":1}},"line":45},"6":{"name":"(anonymous_6)","decl":{"start":{"line":49,"column":19},"end":{"line":49,"column":20}},"loc":{"start":{"line":49,"column":25},"end":{"line":51,"column":1}},"line":49},"7":{"name":"(anonymous_7)","decl":{"start":{"line":53,"column":24},"end":{"line":53,"column":25}},"loc":{"start":{"line":53,"column":30},"end":{"line":55,"column":1}},"line":53},"8":{"name":"(anonymous_8)","decl":{"start":{"line":64,"column":26},"end":{"line":64,"column":27}},"loc":{"start":{"line":64,"column":32},"end":{"line":71,"column":1}},"line":64},"9":{"name":"(anonymous_9)","decl":{"start":{"line":76,"column":27},"end":{"line":76,"column":28}},"loc":{"start":{"line":76,"column":33},"end":{"line":83,"column":1}},"line":76},"10":{"name":"(anonymous_10)","decl":{"start":{"line":88,"column":25},"end":{"line":88,"column":26}},"loc":{"start":{"line":88,"column":31},"end":{"line":95,"column":1}},"line":88},"11":{"name":"(anonymous_11)","decl":{"start":{"line":100,"column":27},"end":{"line":100,"column":28}},"loc":{"start":{"line":100,"column":33},"end":{"line":107,"column":1}},"line":100},"12":{"name":"(anonymous_12)","decl":{"start":{"line":112,"column":28},"end":{"line":112,"column":29}},"loc":{"start":{"line":112,"column":34},"end":{"line":119,"column":1}},"line":112},"13":{"name":"(anonymous_13)","decl":{"start":{"line":124,"column":31},"end":{"line":124,"column":32}},"loc":{"start":{"line":124,"column":37},"end":{"line":131,"column":1}},"line":124},"14":{"name":"(anonymous_14)","decl":{"start":{"line":136,"column":24},"end":{"line":136,"column":25}},"loc":{"start":{"line":136,"column":30},"end":{"line":143,"column":1}},"line":136},"15":{"name":"(anonymous_15)","decl":{"start":{"line":148,"column":29},"end":{"line":148,"column":30}},"loc":{"start":{"line":148,"column":35},"end":{"line":155,"column":1}},"line":148},"16":{"name":"(anonymous_16)","decl":{"start":{"line":165,"column":36},"end":{"line":165,"column":37}},"loc":{"start":{"line":165,"column":42},"end":{"line":175,"column":1}},"line":165},"17":{"name":"(anonymous_17)","decl":{"start":{"line":168,"column":21},"end":{"line":168,"column":22}},"loc":{"start":{"line":168,"column":34},"end":{"line":172,"column":3}},"line":168},"18":{"name":"(anonymous_18)","decl":{"start":{"line":169,"column":17},"end":{"line":169,"column":20}},"loc":{"start":{"line":169,"column":24},"end":{"line":171,"column":5}},"line":169},"19":{"name":"(anonymous_19)","decl":{"start":{"line":180,"column":26},"end":{"line":180,"column":27}},"loc":{"start":{"line":180,"column":41},"end":{"line":190,"column":1}},"line":180},"20":{"name":"(anonymous_20)","decl":{"start":{"line":185,"column":16},"end":{"line":185,"column":17}},"loc":{"start":{"line":185,"column":26},"end":{"line":185,"column":58}},"line":185},"21":{"name":"(anonymous_21)","decl":{"start":{"line":186,"column":15},"end":{"line":186,"column":16}},"loc":{"start":{"line":186,"column":21},"end":{"line":188,"column":5}},"line":186},"22":{"name":"(anonymous_22)","decl":{"start":{"line":195,"column":29},"end":{"line":195,"column":30}},"loc":{"start":{"line":195,"column":44},"end":{"line":205,"column":1}},"line":195},"23":{"name":"(anonymous_23)","decl":{"start":{"line":200,"column":16},"end":{"line":200,"column":17}},"loc":{"start":{"line":200,"column":37},"end":{"line":200,"column":79}},"line":200},"24":{"name":"(anonymous_24)","decl":{"start":{"line":201,"column":15},"end":{"line":201,"column":16}},"loc":{"start":{"line":201,"column":21},"end":{"line":203,"column":5}},"line":201},"25":{"name":"(anonymous_25)","decl":{"start":{"line":210,"column":29},"end":{"line":210,"column":30}},"loc":{"start":{"line":210,"column":44},"end":{"line":220,"column":1}},"line":210},"26":{"name":"(anonymous_26)","decl":{"start":{"line":215,"column":16},"end":{"line":215,"column":17}},"loc":{"start":{"line":215,"column":24},"end":{"line":215,"column":57}},"line":215},"27":{"name":"(anonymous_27)","decl":{"start":{"line":216,"column":15},"end":{"line":216,"column":16}},"loc":{"start":{"line":216,"column":21},"end":{"line":218,"column":5}},"line":216}},"branchMap":{},"s":{"0":3,"1":3,"2":1,"3":3,"4":1,"5":3,"6":1,"7":3,"8":1,"9":3,"10":1,"11":3,"12":1,"13":3,"14":1,"15":3,"16":1,"17":3,"18":2,"19":3,"20":2,"21":3,"22":2,"23":3,"24":2,"25":3,"26":2,"27":3,"28":2,"29":3,"30":2,"31":3,"32":2,"33":3,"34":5,"35":5,"36":1,"37":2,"38":5,"39":3,"40":1,"41":1,"42":1,"43":0,"44":0,"45":3,"46":1,"47":1,"48":1,"49":0,"50":0,"51":3,"52":1,"53":1,"54":1,"55":0,"56":0},"f":{"0":1,"1":1,"2":1,"3":1,"4":1,"5":1,"6":1,"7":1,"8":2,"9":2,"10":2,"11":2,"12":2,"13":2,"14":2,"15":2,"16":5,"17":1,"18":2,"19":1,"20":0,"21":0,"22":1,"23":0,"24":0,"25":1,"26":0,"27":0},"b":{},"meta":{"lastBranch":0,"lastFunction":28,"lastStatement":57,"seen":{"s:8:25:20:1":0,"s:25:21:27:1":1,"f:25:21:25:22":0,"s:26:2:26:Infinity":2,"s:29:22:31:1":3,"f:29:22:29:23":1,"s:30:2:30:Infinity":4,"s:33:20:35:1":5,"f:33:20:33:21":2,"s:34:2:34:Infinity":6,"s:37:22:39:1":7,"f:37:22:37:23":3,"s:38:2:38:Infinity":8,"s:41:23:43:1":9,"f:41:23:41:24":4,"s:42:2:42:Infinity":10,"s:45:26:47:1":11,"f:45:26:45:27":5,"s:46:2:46:Infinity":12,"s:49:19:51:1":13,"f:49:19:49:20":6,"s:50:2:50:Infinity":14,"s:53:24:55:1":15,"f:53:24:53:25":7,"s:54:2:54:Infinity":16,"s:64:26:71:1":17,"f:64:26:64:27":8,"s:65:2:70:Infinity":18,"s:76:27:83:1":19,"f:76:27:76:28":9,"s:77:2:82:Infinity":20,"s:88:25:95:1":21,"f:88:25:88:26":10,"s:89:2:94:Infinity":22,"s:100:27:107:1":23,"f:100:27:100:28":11,"s:101:2:106:Infinity":24,"s:112:28:119:1":25,"f:112:28:112:29":12,"s:113:2:118:Infinity":26,"s:124:31:131:1":27,"f:124:31:124:32":13,"s:125:2:130:Infinity":28,"s:136:24:143:1":29,"f:136:24:136:25":14,"s:137:2:142:Infinity":30,"s:148:29:155:1":31,"f:148:29:148:30":15,"s:149:2:154:Infinity":32,"s:165:36:175:1":33,"f:165:36:165:37":16,"s:166:22:166:38":34,"s:168:21:172:3":35,"f:168:21:168:22":17,"s:169:4:171:Infinity":36,"f:169:17:169:20":18,"s:170:6:170:Infinity":37,"s:174:2:174:Infinity":38,"s:180:26:190:1":39,"f:180:26:180:27":19,"s:181:22:181:38":40,"s:182:21:182:43":41,"s:184:2:189:Infinity":42,"f:185:16:185:17":20,"s:185:26:185:58":43,"f:186:15:186:16":21,"s:187:6:187:Infinity":44,"s:195:29:205:1":45,"f:195:29:195:30":22,"s:196:22:196:38":46,"s:197:21:197:43":47,"s:199:2:204:Infinity":48,"f:200:16:200:17":23,"s:200:37:200:79":49,"f:201:15:201:16":24,"s:202:6:202:Infinity":50,"s:210:29:220:1":51,"f:210:29:210:30":25,"s:211:22:211:38":52,"s:212:21:212:43":53,"s:214:2:219:Infinity":54,"f:215:16:215:17":26,"s:215:24:215:57":55,"f:216:15:216:16":27,"s:217:6:217:Infinity":56},"fnNames":{}}}
,"C:\\Users\\camil\\OneDrive\\Bureau\\projet\\kd\\src\\pages\\Login.css": {"path":"C:\\Users\\camil\\OneDrive\\Bureau\\projet\\kd\\src\\pages\\Login.css","statementMap":{},"fnMap":{},"branchMap":{},"s":{},"f":{},"b":{},"meta":{"lastBranch":0,"lastFunction":0,"lastStatement":0,"seen":{},"fnNames":{}}}
,"C:\\Users\\camil\\OneDrive\\Bureau\\projet\\kd\\src\\pages\\Login.jsx": {"path":"C:\\Users\\camil\\OneDrive\\Bureau\\projet\\kd\\src\\pages\\Login.jsx","statementMap":{"0":{"start":{"line":7,"column":6},"end":{"line":112,"column":null}},"1":{"start":{"line":8,"column":34},"end":{"line":8,"column":null}},"2":{"start":{"line":9,"column":34},"end":{"line":9,"column":null}},"3":{"start":{"line":10,"column":32},"end":{"line":10,"column":null}},"4":{"start":{"line":12,"column":20},"end":{"line":12,"column":28}},"5":{"start":{"line":13,"column":19},"end":{"line":13,"column":31}},"6":{"start":{"line":14,"column":40},"end":{"line":14,"column":56}},"7":{"start":{"line":16,"column":23},"end":{"line":28,"column":null}},"8":{"start":{"line":17,"column":4},"end":{"line":17,"column":null}},"9":{"start":{"line":18,"column":4},"end":{"line":18,"column":null}},"10":{"start":{"line":20,"column":4},"end":{"line":27,"column":null}},"11":{"start":{"line":21,"column":6},"end":{"line":21,"column":null}},"12":{"start":{"line":22,"column":6},"end":{"line":22,"column":null}},"13":{"start":{"line":23,"column":6},"end":{"line":23,"column":null}},"14":{"start":{"line":23,"column":23},"end":{"line":23,"column":38}},"15":{"start":{"line":25,"column":6},"end":{"line":25,"column":null}},"16":{"start":{"line":26,"column":6},"end":{"line":26,"column":null}},"17":{"start":{"line":30,"column":2},"end":{"line":110,"column":null}},"18":{"start":{"line":59,"column":31},"end":{"line":59,"column":null}},"19":{"start":{"line":74,"column":31},"end":{"line":74,"column":null}}},"fnMap":{"0":{"name":"(anonymous_0)","decl":{"start":{"line":7,"column":6},"end":{"line":7,"column":20}},"loc":{"start":{"line":7,"column":20},"end":{"line":112,"column":null}},"line":7},"1":{"name":"(anonymous_1)","decl":{"start":{"line":16,"column":23},"end":{"line":16,"column":30}},"loc":{"start":{"line":16,"column":36},"end":{"line":28,"column":null}},"line":16},"2":{"name":"(anonymous_2)","decl":{"start":{"line":23,"column":6},"end":{"line":23,"column":23}},"loc":{"start":{"line":23,"column":23},"end":{"line":23,"column":38}},"line":23},"3":{"name":"(anonymous_3)","decl":{"start":{"line":59,"column":14},"end":{"line":59,"column":25}},"loc":{"start":{"line":59,"column":31},"end":{"line":59,"column":null}},"line":59},"4":{"name":"(anonymous_4)","decl":{"start":{"line":74,"column":14},"end":{"line":74,"column":25}},"loc":{"start":{"line":74,"column":31},"end":{"line":74,"column":null}},"line":74}},"branchMap":{"0":{"loc":{"start":{"line":86,"column":13},"end":{"line":92,"column":null}},"type":"cond-expr","locations":[{"start":{"line":87,"column":14},"end":{"line":92,"column":null}},{"start":{"line":92,"column":14},"end":{"line":92,"column":null}}],"line":86}},"s":{"0":1,"1":70,"2":70,"3":70,"4":70,"5":70,"6":70,"7":70,"8":4,"9":4,"10":4,"11":4,"12":3,"13":3,"14":3,"15":1,"16":1,"17":70,"18":23,"19":31},"f":{"0":70,"1":4,"2":3,"3":23,"4":31},"b":{"0":[4,66]},"meta":{"lastBranch":1,"lastFunction":5,"lastStatement":20,"seen":{"s:7:6:112:Infinity":0,"f:7:6:7:20":0,"s:8:34:8:Infinity":1,"s:9:34:9:Infinity":2,"s:10:32:10:Infinity":3,"s:12:20:12:28":4,"s:13:19:13:31":5,"s:14:40:14:56":6,"s:16:23:28:Infinity":7,"f:16:23:16:30":1,"s:17:4:17:Infinity":8,"s:18:4:18:Infinity":9,"s:20:4:27:Infinity":10,"s:21:6:21:Infinity":11,"s:22:6:22:Infinity":12,"s:23:6:23:Infinity":13,"f:23:6:23:23":2,"s:23:23:23:38":14,"s:25:6:25:Infinity":15,"s:26:6:26:Infinity":16,"s:30:2:110:Infinity":17,"f:59:14:59:25":3,"s:59:31:59:Infinity":18,"f:74:14:74:25":4,"s:74:31:74:Infinity":19,"b:87:14:92:Infinity:92:14:92:Infinity":0},"fnNames":{}}}
,"C:\\Users\\camil\\OneDrive\\Bureau\\projet\\kd\\src\\pages\\admin\\ComptabiliteAdmin.css": {"path":"C:\\Users\\camil\\OneDrive\\Bureau\\projet\\kd\\src\\pages\\admin\\ComptabiliteAdmin.css","statementMap":{},"fnMap":{},"branchMap":{},"s":{},"f":{},"b":{},"meta":{"lastBranch":0,"lastFunction":0,"lastStatement":0,"seen":{},"fnNames":{}}}
,"C:\\Users\\camil\\OneDrive\\Bureau\\projet\\kd\\src\\pages\\admin\\ComptabiliteAdmin.jsx": {"path":"C:\\Users\\camil\\OneDrive\\Bureau\\projet\\kd\\src\\pages\\admin\\ComptabiliteAdmin.jsx","statementMap":{"0":{"start":{"line":8,"column":6},"end":{"line":360,"column":null}},"1":{"start":{"line":9,"column":28},"end":{"line":9,"column":36}},"2":{"start":{"line":10,"column":39},"end":{"line":10,"column":50}},"3":{"start":{"line":11,"column":36},"end":{"line":11,"column":null}},"4":{"start":{"line":12,"column":42},"end":{"line":12,"column":null}},"5":{"start":{"line":14,"column":22},"end":{"line":14,"column":38}},"6":{"start":{"line":16,"column":25},"end":{"line":16,"column":null}},"7":{"start":{"line":18,"column":2},"end":{"line":22,"column":null}},"8":{"start":{"line":19,"column":4},"end":{"line":21,"column":null}},"9":{"start":{"line":20,"column":6},"end":{"line":20,"column":null}},"10":{"start":{"line":24,"column":15},"end":{"line":24,"column":null}},"11":{"start":{"line":25,"column":17},"end":{"line":25,"column":null}},"12":{"start":{"line":26,"column":19},"end":{"line":26,"column":null}},"13":{"start":{"line":27,"column":20},"end":{"line":27,"column":null}},"14":{"start":{"line":28,"column":19},"end":{"line":28,"column":null}},"15":{"start":{"line":31,"column":8},"end":{"line":40,"column":null}},"16":{"start":{"line":32,"column":4},"end":{"line":32,"column":null}},"17":{"start":{"line":32,"column":32},"end":{"line":32,"column":null}},"18":{"start":{"line":33,"column":16},"end":{"line":33,"column":null}},"19":{"start":{"line":35,"column":4},"end":{"line":38,"column":null}},"20":{"start":{"line":35,"column":34},"end":{"line":35,"column":null}},"21":{"start":{"line":36,"column":9},"end":{"line":38,"column":null}},"22":{"start":{"line":36,"column":38},"end":{"line":36,"column":null}},"23":{"start":{"line":37,"column":9},"end":{"line":38,"column":null}},"24":{"start":{"line":37,"column":39},"end":{"line":37,"column":null}},"25":{"start":{"line":38,"column":9},"end":{"line":38,"column":null}},"26":{"start":{"line":38,"column":38},"end":{"line":38,"column":null}},"27":{"start":{"line":39,"column":4},"end":{"line":39,"column":null}},"28":{"start":{"line":39,"column":30},"end":{"line":39,"column":59}},"29":{"start":{"line":42,"column":8},"end":{"line":51,"column":null}},"30":{"start":{"line":43,"column":4},"end":{"line":43,"column":null}},"31":{"start":{"line":43,"column":32},"end":{"line":43,"column":null}},"32":{"start":{"line":44,"column":16},"end":{"line":44,"column":null}},"33":{"start":{"line":46,"column":4},"end":{"line":49,"column":null}},"34":{"start":{"line":46,"column":34},"end":{"line":46,"column":null}},"35":{"start":{"line":47,"column":9},"end":{"line":49,"column":null}},"36":{"start":{"line":47,"column":38},"end":{"line":47,"column":null}},"37":{"start":{"line":48,"column":9},"end":{"line":49,"column":null}},"38":{"start":{"line":48,"column":39},"end":{"line":48,"column":null}},"39":{"start":{"line":49,"column":9},"end":{"line":49,"column":null}},"40":{"start":{"line":49,"column":38},"end":{"line":49,"column":null}},"41":{"start":{"line":50,"column":4},"end":{"line":50,"column":null}},"42":{"start":{"line":50,"column":32},"end":{"line":50,"column":61}},"43":{"start":{"line":53,"column":25},"end":{"line":53,"column":null}},"44":{"start":{"line":54,"column":27},"end":{"line":54,"column":null}},"45":{"start":{"line":57,"column":18},"end":{"line":57,"column":null}},"46":{"start":{"line":57,"column":52},"end":{"line":57,"column":72}},"47":{"start":{"line":58,"column":24},"end":{"line":58,"column":null}},"48":{"start":{"line":58,"column":60},"end":{"line":58,"column":77}},"49":{"start":{"line":59,"column":25},"end":{"line":59,"column":null}},"50":{"start":{"line":59,"column":54},"end":{"line":59,"column":84}},"51":{"start":{"line":62,"column":25},"end":{"line":62,"column":null}},"52":{"start":{"line":63,"column":2},"end":{"line":69,"column":null}},"53":{"start":{"line":64,"column":4},"end":{"line":68,"column":null}},"54":{"start":{"line":65,"column":22},"end":{"line":65,"column":null}},"55":{"start":{"line":65,"column":41},"end":{"line":65,"column":71}},"56":{"start":{"line":66,"column":24},"end":{"line":66,"column":null}},"57":{"start":{"line":67,"column":6},"end":{"line":67,"column":null}},"58":{"start":{"line":71,"column":21},"end":{"line":71,"column":null}},"59":{"start":{"line":72,"column":22},"end":{"line":72,"column":null}},"60":{"start":{"line":73,"column":20},"end":{"line":73,"column":null}},"61":{"start":{"line":76,"column":26},"end":{"line":76,"column":null}},"62":{"start":{"line":77,"column":2},"end":{"line":80,"column":null}},"63":{"start":{"line":78,"column":17},"end":{"line":78,"column":null}},"64":{"start":{"line":79,"column":4},"end":{"line":79,"column":null}},"65":{"start":{"line":83,"column":24},"end":{"line":83,"column":null}},"66":{"start":{"line":84,"column":2},"end":{"line":87,"column":null}},"67":{"start":{"line":85,"column":17},"end":{"line":85,"column":null}},"68":{"start":{"line":86,"column":4},"end":{"line":86,"column":null}},"69":{"start":{"line":89,"column":2},"end":{"line":97,"column":null}},"70":{"start":{"line":90,"column":4},"end":{"line":95,"column":null}},"71":{"start":{"line":99,"column":2},"end":{"line":106,"column":null}},"72":{"start":{"line":100,"column":4},"end":{"line":104,"column":null}},"73":{"start":{"line":108,"column":2},"end":{"line":358,"column":null}},"74":{"start":{"line":116,"column":56},"end":{"line":116,"column":null}},"75":{"start":{"line":178,"column":53},"end":{"line":178,"column":121}},"76":{"start":{"line":178,"column":101},"end":{"line":178,"column":117}},"77":{"start":{"line":184,"column":100},"end":{"line":184,"column":124}},"78":{"start":{"line":185,"column":102},"end":{"line":185,"column":128}},"79":{"start":{"line":186,"column":103},"end":{"line":186,"column":130}},"80":{"start":{"line":237,"column":16},"end":{"line":243,"column":null}},"81":{"start":{"line":268,"column":20},"end":{"line":273,"column":null}},"82":{"start":{"line":291,"column":18},"end":{"line":297,"column":null}},"83":{"start":{"line":313,"column":37},"end":{"line":313,"column":null}},"84":{"start":{"line":314,"column":18},"end":{"line":322,"column":null}}},"fnMap":{"0":{"name":"(anonymous_0)","decl":{"start":{"line":8,"column":6},"end":{"line":8,"column":32}},"loc":{"start":{"line":8,"column":32},"end":{"line":360,"column":null}},"line":8},"1":{"name":"(anonymous_1)","decl":{"start":{"line":18,"column":2},"end":{"line":18,"column":18}},"loc":{"start":{"line":18,"column":18},"end":{"line":22,"column":5}},"line":18},"2":{"name":"(anonymous_2)","decl":{"start":{"line":31,"column":8},"end":{"line":31,"column":34}},"loc":{"start":{"line":31,"column":34},"end":{"line":40,"column":null}},"line":31},"3":{"name":"(anonymous_3)","decl":{"start":{"line":39,"column":18},"end":{"line":39,"column":25}},"loc":{"start":{"line":39,"column":30},"end":{"line":39,"column":59}},"line":39},"4":{"name":"(anonymous_4)","decl":{"start":{"line":42,"column":8},"end":{"line":42,"column":36}},"loc":{"start":{"line":42,"column":36},"end":{"line":51,"column":null}},"line":42},"5":{"name":"(anonymous_5)","decl":{"start":{"line":50,"column":20},"end":{"line":50,"column":27}},"loc":{"start":{"line":50,"column":32},"end":{"line":50,"column":61}},"line":50},"6":{"name":"(anonymous_6)","decl":{"start":{"line":57,"column":33},"end":{"line":57,"column":41}},"loc":{"start":{"line":57,"column":52},"end":{"line":57,"column":72}},"line":57},"7":{"name":"(anonymous_7)","decl":{"start":{"line":58,"column":41},"end":{"line":58,"column":49}},"loc":{"start":{"line":58,"column":60},"end":{"line":58,"column":77}},"line":58},"8":{"name":"(anonymous_8)","decl":{"start":{"line":59,"column":35},"end":{"line":59,"column":43}},"loc":{"start":{"line":59,"column":54},"end":{"line":59,"column":84}},"line":59},"9":{"name":"(anonymous_9)","decl":{"start":{"line":63,"column":17},"end":{"line":63,"column":25}},"loc":{"start":{"line":63,"column":34},"end":{"line":69,"column":3}},"line":63},"10":{"name":"(anonymous_10)","decl":{"start":{"line":64,"column":33},"end":{"line":64,"column":41}},"loc":{"start":{"line":64,"column":49},"end":{"line":68,"column":5}},"line":64},"11":{"name":"(anonymous_11)","decl":{"start":{"line":65,"column":31},"end":{"line":65,"column":36}},"loc":{"start":{"line":65,"column":41},"end":{"line":65,"column":71}},"line":65},"12":{"name":"(anonymous_12)","decl":{"start":{"line":77,"column":11},"end":{"line":77,"column":19}},"loc":{"start":{"line":77,"column":24},"end":{"line":80,"column":3}},"line":77},"13":{"name":"(anonymous_13)","decl":{"start":{"line":84,"column":9},"end":{"line":84,"column":17}},"loc":{"start":{"line":84,"column":22},"end":{"line":87,"column":3}},"line":84},"14":{"name":"(anonymous_14)","decl":{"start":{"line":116,"column":39},"end":{"line":116,"column":50}},"loc":{"start":{"line":116,"column":56},"end":{"line":116,"column":null}},"line":116},"15":{"name":"(anonymous_15)","decl":{"start":{"line":178,"column":34},"end":{"line":178,"column":42}},"loc":{"start":{"line":178,"column":53},"end":{"line":178,"column":121}},"line":178},"16":{"name":"(anonymous_16)","decl":{"start":{"line":178,"column":84},"end":{"line":178,"column":92}},"loc":{"start":{"line":178,"column":101},"end":{"line":178,"column":117}},"line":178},"17":{"name":"(anonymous_17)","decl":{"start":{"line":184,"column":85},"end":{"line":184,"column":100}},"loc":{"start":{"line":184,"column":100},"end":{"line":184,"column":124}},"line":184},"18":{"name":"(anonymous_18)","decl":{"start":{"line":185,"column":87},"end":{"line":185,"column":102}},"loc":{"start":{"line":185,"column":102},"end":{"line":185,"column":128}},"line":185},"19":{"name":"(anonymous_19)","decl":{"start":{"line":186,"column":88},"end":{"line":186,"column":103}},"loc":{"start":{"line":186,"column":103},"end":{"line":186,"column":130}},"line":186},"20":{"name":"(anonymous_20)","decl":{"start":{"line":236,"column":42},"end":{"line":236,"column":46}},"loc":{"start":{"line":237,"column":16},"end":{"line":243,"column":null}},"line":237},"21":{"name":"(anonymous_21)","decl":{"start":{"line":267,"column":36},"end":{"line":267,"column":41}},"loc":{"start":{"line":268,"column":20},"end":{"line":273,"column":null}},"line":268},"22":{"name":"(anonymous_22)","decl":{"start":{"line":290,"column":49},"end":{"line":290,"column":54}},"loc":{"start":{"line":291,"column":18},"end":{"line":297,"column":null}},"line":291},"23":{"name":"(anonymous_23)","decl":{"start":{"line":312,"column":47},"end":{"line":312,"column":52}},"loc":{"start":{"line":312,"column":72},"end":{"line":324,"column":17}},"line":312}},"branchMap":{"0":{"loc":{"start":{"line":19,"column":4},"end":{"line":21,"column":null}},"type":"if","locations":[{"start":{"line":19,"column":4},"end":{"line":21,"column":null}},{"start":{},"end":{}}],"line":19},"1":{"loc":{"start":{"line":24,"column":15},"end":{"line":24,"column":null}},"type":"binary-expr","locations":[{"start":{"line":24,"column":15},"end":{"line":24,"column":26}},{"start":{"line":24,"column":26},"end":{"line":24,"column":null}}],"line":24},"2":{"loc":{"start":{"line":25,"column":17},"end":{"line":25,"column":null}},"type":"binary-expr","locations":[{"start":{"line":25,"column":17},"end":{"line":25,"column":32}},{"start":{"line":25,"column":32},"end":{"line":25,"column":null}}],"line":25},"3":{"loc":{"start":{"line":26,"column":19},"end":{"line":26,"column":null}},"type":"binary-expr","locations":[{"start":{"line":26,"column":19},"end":{"line":26,"column":36}},{"start":{"line":26,"column":36},"end":{"line":26,"column":null}}],"line":26},"4":{"loc":{"start":{"line":27,"column":20},"end":{"line":27,"column":null}},"type":"binary-expr","locations":[{"start":{"line":27,"column":20},"end":{"line":27,"column":38}},{"start":{"line":27,"column":38},"end":{"line":27,"column":null}}],"line":27},"5":{"loc":{"start":{"line":28,"column":19},"end":{"line":28,"column":null}},"type":"binary-expr","locations":[{"start":{"line":28,"column":19},"end":{"line":28,"column":36}},{"start":{"line":28,"column":36},"end":{"line":28,"column":null}}],"line":28},"6":{"loc":{"start":{"line":32,"column":4},"end":{"line":32,"column":null}},"type":"if","locations":[{"start":{"line":32,"column":4},"end":{"line":32,"column":null}},{"start":{},"end":{}}],"line":32},"7":{"loc":{"start":{"line":35,"column":4},"end":{"line":38,"column":null}},"type":"if","locations":[{"start":{"line":35,"column":4},"end":{"line":38,"column":null}},{"start":{"line":36,"column":9},"end":{"line":38,"column":null}}],"line":35},"8":{"loc":{"start":{"line":36,"column":9},"end":{"line":38,"column":null}},"type":"if","locations":[{"start":{"line":36,"column":9},"end":{"line":38,"column":null}},{"start":{"line":37,"column":9},"end":{"line":38,"column":null}}],"line":36},"9":{"loc":{"start":{"line":37,"column":9},"end":{"line":38,"column":null}},"type":"if","locations":[{"start":{"line":37,"column":9},"end":{"line":38,"column":null}},{"start":{"line":38,"column":9},"end":{"line":38,"column":null}}],"line":37},"10":{"loc":{"start":{"line":38,"column":9},"end":{"line":38,"column":null}},"type":"if","locations":[{"start":{"line":38,"column":9},"end":{"line":38,"column":null}},{"start":{},"end":{}}],"line":38},"11":{"loc":{"start":{"line":43,"column":4},"end":{"line":43,"column":null}},"type":"if","locations":[{"start":{"line":43,"column":4},"end":{"line":43,"column":null}},{"start":{},"end":{}}],"line":43},"12":{"loc":{"start":{"line":46,"column":4},"end":{"line":49,"column":null}},"type":"if","locations":[{"start":{"line":46,"column":4},"end":{"line":49,"column":null}},{"start":{"line":47,"column":9},"end":{"line":49,"column":null}}],"line":46},"13":{"loc":{"start":{"line":47,"column":9},"end":{"line":49,"column":null}},"type":"if","locations":[{"start":{"line":47,"column":9},"end":{"line":49,"column":null}},{"start":{"line":48,"column":9},"end":{"line":49,"column":null}}],"line":47},"14":{"loc":{"start":{"line":48,"column":9},"end":{"line":49,"column":null}},"type":"if","locations":[{"start":{"line":48,"column":9},"end":{"line":49,"column":null}},{"start":{"line":49,"column":9},"end":{"line":49,"column":null}}],"line":48},"15":{"loc":{"start":{"line":49,"column":9},"end":{"line":49,"column":null}},"type":"if","locations":[{"start":{"line":49,"column":9},"end":{"line":49,"column":null}},{"start":{},"end":{}}],"line":49},"16":{"loc":{"start":{"line":59,"column":61},"end":{"line":59,"column":84}},"type":"binary-expr","locations":[{"start":{"line":59,"column":61},"end":{"line":59,"column":80}},{"start":{"line":59,"column":80},"end":{"line":59,"column":84}}],"line":59},"17":{"loc":{"start":{"line":64,"column":5},"end":{"line":64,"column":31}},"type":"binary-expr","locations":[{"start":{"line":64,"column":5},"end":{"line":64,"column":29}},{"start":{"line":64,"column":29},"end":{"line":64,"column":31}}],"line":64},"18":{"loc":{"start":{"line":66,"column":24},"end":{"line":66,"column":null}},"type":"binary-expr","locations":[{"start":{"line":66,"column":24},"end":{"line":66,"column":46}},{"start":{"line":66,"column":46},"end":{"line":66,"column":null}}],"line":66},"19":{"loc":{"start":{"line":73,"column":20},"end":{"line":73,"column":null}},"type":"cond-expr","locations":[{"start":{"line":73,"column":30},"end":{"line":73,"column":78}},{"start":{"line":73,"column":78},"end":{"line":73,"column":null}}],"line":73},"20":{"loc":{"start":{"line":78,"column":17},"end":{"line":78,"column":null}},"type":"binary-expr","locations":[{"start":{"line":78,"column":17},"end":{"line":78,"column":34}},{"start":{"line":78,"column":34},"end":{"line":78,"column":null}}],"line":78},"21":{"loc":{"start":{"line":79,"column":29},"end":{"line":79,"column":59}},"type":"binary-expr","locations":[{"start":{"line":79,"column":29},"end":{"line":79,"column":54}},{"start":{"line":79,"column":54},"end":{"line":79,"column":59}}],"line":79},"22":{"loc":{"start":{"line":86,"column":27},"end":{"line":86,"column":55}},"type":"binary-expr","locations":[{"start":{"line":86,"column":27},"end":{"line":86,"column":50}},{"start":{"line":86,"column":50},"end":{"line":86,"column":55}}],"line":86},"23":{"loc":{"start":{"line":89,"column":2},"end":{"line":97,"column":null}},"type":"if","locations":[{"start":{"line":89,"column":2},"end":{"line":97,"column":null}},{"start":{},"end":{}}],"line":89},"24":{"loc":{"start":{"line":99,"column":2},"end":{"line":106,"column":null}},"type":"if","locations":[{"start":{"line":99,"column":2},"end":{"line":106,"column":null}},{"start":{},"end":{}}],"line":99},"25":{"loc":{"start":{"line":178,"column":60},"end":{"line":178,"column":82}},"type":"binary-expr","locations":[{"start":{"line":178,"column":60},"end":{"line":178,"column":80}},{"start":{"line":178,"column":80},"end":{"line":178,"column":82}}],"line":178},"26":{"loc":{"start":{"line":184,"column":44},"end":{"line":184,"column":85}},"type":"cond-expr","locations":[{"start":{"line":184,"column":69},"end":{"line":184,"column":80}},{"start":{"line":184,"column":80},"end":{"line":184,"column":85}}],"line":184},"27":{"loc":{"start":{"line":185,"column":44},"end":{"line":185,"column":87}},"type":"cond-expr","locations":[{"start":{"line":185,"column":71},"end":{"line":185,"column":82}},{"start":{"line":185,"column":82},"end":{"line":185,"column":87}}],"line":185},"28":{"loc":{"start":{"line":186,"column":44},"end":{"line":186,"column":88}},"type":"cond-expr","locations":[{"start":{"line":186,"column":72},"end":{"line":186,"column":83}},{"start":{"line":186,"column":83},"end":{"line":186,"column":88}}],"line":186},"29":{"loc":{"start":{"line":190,"column":7},"end":{"line":248,"column":null}},"type":"binary-expr","locations":[{"start":{"line":190,"column":7},"end":{"line":190,"column":null}},{"start":{"line":191,"column":8},"end":{"line":248,"column":null}}],"line":190},"30":{"loc":{"start":{"line":218,"column":24},"end":{"line":218,"column":88}},"type":"cond-expr","locations":[{"start":{"line":218,"column":34},"end":{"line":218,"column":86}},{"start":{"line":218,"column":86},"end":{"line":218,"column":88}}],"line":218},"31":{"loc":{"start":{"line":223,"column":24},"end":{"line":223,"column":87}},"type":"cond-expr","locations":[{"start":{"line":223,"column":34},"end":{"line":223,"column":85}},{"start":{"line":223,"column":85},"end":{"line":223,"column":87}}],"line":223},"32":{"loc":{"start":{"line":227,"column":35},"end":{"line":227,"column":80}},"type":"cond-expr","locations":[{"start":{"line":227,"column":54},"end":{"line":227,"column":67}},{"start":{"line":227,"column":67},"end":{"line":227,"column":80}}],"line":227},"33":{"loc":{"start":{"line":228,"column":23},"end":{"line":228,"column":84}},"type":"cond-expr","locations":[{"start":{"line":228,"column":33},"end":{"line":228,"column":82}},{"start":{"line":228,"column":82},"end":{"line":228,"column":84}}],"line":228},"34":{"loc":{"start":{"line":245,"column":15},"end":{"line":246,"column":null}},"type":"binary-expr","locations":[{"start":{"line":245,"column":15},"end":{"line":245,"column":46}},{"start":{"line":245,"column":46},"end":{"line":246,"column":null}}],"line":245},"35":{"loc":{"start":{"line":252,"column":7},"end":{"line":302,"column":null}},"type":"binary-expr","locations":[{"start":{"line":252,"column":7},"end":{"line":252,"column":null}},{"start":{"line":253,"column":8},"end":{"line":302,"column":null}}],"line":252},"36":{"loc":{"start":{"line":256,"column":13},"end":{"line":284,"column":null}},"type":"cond-expr","locations":[{"start":{"line":257,"column":14},"end":{"line":278,"column":15}},{"start":{"line":278,"column":14},"end":{"line":284,"column":null}}],"line":256},"37":{"loc":{"start":{"line":270,"column":56},"end":{"line":270,"column":89}},"type":"binary-expr","locations":[{"start":{"line":270,"column":56},"end":{"line":270,"column":75}},{"start":{"line":270,"column":75},"end":{"line":270,"column":89}}],"line":270},"38":{"loc":{"start":{"line":271,"column":27},"end":{"line":271,"column":54}},"type":"binary-expr","locations":[{"start":{"line":271,"column":27},"end":{"line":271,"column":46}},{"start":{"line":271,"column":46},"end":{"line":271,"column":54}}],"line":271},"39":{"loc":{"start":{"line":286,"column":11},"end":{"line":302,"column":null}},"type":"binary-expr","locations":[{"start":{"line":286,"column":11},"end":{"line":286,"column":null}},{"start":{"line":287,"column":12},"end":{"line":302,"column":null}}],"line":286},"40":{"loc":{"start":{"line":306,"column":7},"end":{"line":356,"column":null}},"type":"binary-expr","locations":[{"start":{"line":306,"column":7},"end":{"line":306,"column":null}},{"start":{"line":307,"column":8},"end":{"line":356,"column":null}}],"line":306},"41":{"loc":{"start":{"line":310,"column":13},"end":{"line":333,"column":null}},"type":"cond-expr","locations":[{"start":{"line":311,"column":14},"end":{"line":327,"column":15}},{"start":{"line":327,"column":14},"end":{"line":333,"column":null}}],"line":310},"42":{"loc":{"start":{"line":340,"column":58},"end":{"line":340,"column":133}},"type":"cond-expr","locations":[{"start":{"line":340,"column":86},"end":{"line":340,"column":132}},{"start":{"line":340,"column":132},"end":{"line":340,"column":133}}],"line":340},"43":{"loc":{"start":{"line":344,"column":48},"end":{"line":344,"column":109}},"type":"cond-expr","locations":[{"start":{"line":344,"column":58},"end":{"line":344,"column":107}},{"start":{"line":344,"column":107},"end":{"line":344,"column":109}}],"line":344},"44":{"loc":{"start":{"line":348,"column":58},"end":{"line":348,"column":140}},"type":"cond-expr","locations":[{"start":{"line":348,"column":86},"end":{"line":348,"column":139}},{"start":{"line":348,"column":139},"end":{"line":348,"column":140}}],"line":348},"45":{"loc":{"start":{"line":352,"column":58},"end":{"line":352,"column":139}},"type":"cond-expr","locations":[{"start":{"line":352,"column":86},"end":{"line":352,"column":138}},{"start":{"line":352,"column":138},"end":{"line":352,"column":139}}],"line":352}},"s":{"0":1,"1":5,"2":5,"3":5,"4":5,"5":5,"6":5,"7":5,"8":5,"9":1,"10":5,"11":5,"12":5,"13":5,"14":5,"15":5,"16":5,"17":5,"18":0,"19":0,"20":0,"21":0,"22":0,"23":0,"24":0,"25":0,"26":0,"27":0,"28":0,"29":5,"30":5,"31":5,"32":0,"33":0,"34":0,"35":0,"36":0,"37":0,"38":0,"39":0,"40":0,"41":0,"42":0,"43":5,"44":5,"45":5,"46":4,"47":5,"48":4,"49":5,"50":4,"51":5,"52":5,"53":4,"54":4,"55":4,"56":4,"57":4,"58":5,"59":5,"60":5,"61":5,"62":5,"63":4,"64":4,"65":5,"66":5,"67":4,"68":4,"69":5,"70":1,"71":4,"72":1,"73":3,"74":0,"75":3,"76":3,"77":0,"78":0,"79":0,"80":3,"81":0,"82":0,"83":0,"84":0},"f":{"0":5,"1":5,"2":5,"3":0,"4":5,"5":0,"6":4,"7":4,"8":4,"9":4,"10":4,"11":4,"12":4,"13":4,"14":0,"15":3,"16":3,"17":0,"18":0,"19":0,"20":3,"21":0,"22":0,"23":0},"b":{"0":[1,4],"1":[5,1],"2":[5,1],"3":[5,1],"4":[5,1],"5":[5,1],"6":[5,0],"7":[0,0],"8":[0,0],"9":[0,0],"10":[0,0],"11":[5,0],"12":[0,0],"13":[0,0],"14":[0,0],"15":[0,0],"16":[4,0],"17":[4,0],"18":[4,0],"19":[4,1],"20":[4,0],"21":[4,4],"22":[4,4],"23":[1,4],"24":[1,3],"25":[3,0],"26":[3,0],"27":[0,3],"28":[0,3],"29":[5,3],"30":[3,0],"31":[3,0],"32":[0,3],"33":[3,0],"34":[3,0],"35":[5,0],"36":[0,0],"37":[0,0],"38":[0,0],"39":[0,0],"40":[5,0],"41":[0,0],"42":[0,0],"43":[0,0],"44":[0,0],"45":[0,0]},"meta":{"lastBranch":46,"lastFunction":24,"lastStatement":85,"seen":{"s:8:6:360:Infinity":0,"f:8:6:8:32":0,"s:9:28:9:36":1,"s:10:39:10:50":2,"s:11:36:11:Infinity":3,"s:12:42:12:Infinity":4,"s:14:22:14:38":5,"s:16:25:16:Infinity":6,"s:18:2:22:Infinity":7,"f:18:2:18:18":1,"b:19:4:21:Infinity:undefined:undefined:undefined:undefined":0,"s:19:4:21:Infinity":8,"s:20:6:20:Infinity":9,"s:24:15:24:Infinity":10,"b:24:15:24:26:24:26:24:Infinity":1,"s:25:17:25:Infinity":11,"b:25:17:25:32:25:32:25:Infinity":2,"s:26:19:26:Infinity":12,"b:26:19:26:36:26:36:26:Infinity":3,"s:27:20:27:Infinity":13,"b:27:20:27:38:27:38:27:Infinity":4,"s:28:19:28:Infinity":14,"b:28:19:28:36:28:36:28:Infinity":5,"s:31:8:40:Infinity":15,"f:31:8:31:34":2,"b:32:4:32:Infinity:undefined:undefined:undefined:undefined":6,"s:32:4:32:Infinity":16,"s:32:32:32:Infinity":17,"s:33:16:33:Infinity":18,"b:35:4:38:Infinity:36:9:38:Infinity":7,"s:35:4:38:Infinity":19,"s:35:34:35:Infinity":20,"b:36:9:38:Infinity:37:9:38:Infinity":8,"s:36:9:38:Infinity":21,"s:36:38:36:Infinity":22,"b:37:9:38:Infinity:38:9:38:Infinity":9,"s:37:9:38:Infinity":23,"s:37:39:37:Infinity":24,"b:38:9:38:Infinity:undefined:undefined:undefined:undefined":10,"s:38:9:38:Infinity":25,"s:38:38:38:Infinity":26,"s:39:4:39:Infinity":27,"f:39:18:39:25":3,"s:39:30:39:59":28,"s:42:8:51:Infinity":29,"f:42:8:42:36":4,"b:43:4:43:Infinity:undefined:undefined:undefined:undefined":11,"s:43:4:43:Infinity":30,"s:43:32:43:Infinity":31,"s:44:16:44:Infinity":32,"b:46:4:49:Infinity:47:9:49:Infinity":12,"s:46:4:49:Infinity":33,"s:46:34:46:Infinity":34,"b:47:9:49:Infinity:48:9:49:Infinity":13,"s:47:9:49:Infinity":35,"s:47:38:47:Infinity":36,"b:48:9:49:Infinity:49:9:49:Infinity":14,"s:48:9:49:Infinity":37,"s:48:39:48:Infinity":38,"b:49:9:49:Infinity:undefined:undefined:undefined:undefined":15,"s:49:9:49:Infinity":39,"s:49:38:49:Infinity":40,"s:50:4:50:Infinity":41,"f:50:20:50:27":5,"s:50:32:50:61":42,"s:53:25:53:Infinity":43,"s:54:27:54:Infinity":44,"s:57:18:57:Infinity":45,"f:57:33:57:41":6,"s:57:52:57:72":46,"s:58:24:58:Infinity":47,"f:58:41:58:49":7,"s:58:60:58:77":48,"s:59:25:59:Infinity":49,"f:59:35:59:43":8,"s:59:54:59:84":50,"b:59:61:59:80:59:80:59:84":16,"s:62:25:62:Infinity":51,"s:63:2:69:Infinity":52,"f:63:17:63:25":9,"s:64:4:68:Infinity":53,"b:64:5:64:29:64:29:64:31":17,"f:64:33:64:41":10,"s:65:22:65:Infinity":54,"f:65:31:65:36":11,"s:65:41:65:71":55,"s:66:24:66:Infinity":56,"b:66:24:66:46:66:46:66:Infinity":18,"s:67:6:67:Infinity":57,"s:71:21:71:Infinity":58,"s:72:22:72:Infinity":59,"s:73:20:73:Infinity":60,"b:73:30:73:78:73:78:73:Infinity":19,"s:76:26:76:Infinity":61,"s:77:2:80:Infinity":62,"f:77:11:77:19":12,"s:78:17:78:Infinity":63,"b:78:17:78:34:78:34:78:Infinity":20,"s:79:4:79:Infinity":64,"b:79:29:79:54:79:54:79:59":21,"s:83:24:83:Infinity":65,"s:84:2:87:Infinity":66,"f:84:9:84:17":13,"s:85:17:85:Infinity":67,"s:86:4:86:Infinity":68,"b:86:27:86:50:86:50:86:55":22,"b:89:2:97:Infinity:undefined:undefined:undefined:undefined":23,"s:89:2:97:Infinity":69,"s:90:4:95:Infinity":70,"b:99:2:106:Infinity:undefined:undefined:undefined:undefined":24,"s:99:2:106:Infinity":71,"s:100:4:104:Infinity":72,"s:108:2:358:Infinity":73,"f:116:39:116:50":14,"s:116:56:116:Infinity":74,"f:178:34:178:42":15,"s:178:53:178:121":75,"b:178:60:178:80:178:80:178:82":25,"f:178:84:178:92":16,"s:178:101:178:117":76,"b:184:69:184:80:184:80:184:85":26,"f:184:85:184:100":17,"s:184:100:184:124":77,"b:185:71:185:82:185:82:185:87":27,"f:185:87:185:102":18,"s:185:102:185:128":78,"b:186:72:186:83:186:83:186:88":28,"f:186:88:186:103":19,"s:186:103:186:130":79,"b:190:7:190:Infinity:191:8:248:Infinity":29,"b:218:34:218:86:218:86:218:88":30,"b:223:34:223:85:223:85:223:87":31,"b:227:54:227:67:227:67:227:80":32,"b:228:33:228:82:228:82:228:84":33,"f:236:42:236:46":20,"s:237:16:243:Infinity":80,"b:245:15:245:46:245:46:246:Infinity":34,"b:252:7:252:Infinity:253:8:302:Infinity":35,"b:257:14:278:15:278:14:284:Infinity":36,"f:267:36:267:41":21,"s:268:20:273:Infinity":81,"b:270:56:270:75:270:75:270:89":37,"b:271:27:271:46:271:46:271:54":38,"b:286:11:286:Infinity:287:12:302:Infinity":39,"f:290:49:290:54":22,"s:291:18:297:Infinity":82,"b:306:7:306:Infinity:307:8:356:Infinity":40,"b:311:14:327:15:327:14:333:Infinity":41,"f:312:47:312:52":23,"s:313:37:313:Infinity":83,"s:314:18:322:Infinity":84,"b:340:86:340:132:340:132:340:133":42,"b:344:58:344:107:344:107:344:109":43,"b:348:86:348:139:348:139:348:140":44,"b:352:86:352:138:352:138:352:139":45},"fnNames":{}}}
,"C:\\Users\\camil\\OneDrive\\Bureau\\projet\\kd\\src\\pages\\admin\\DashboardAdmin.css": {"path":"C:\\Users\\camil\\OneDrive\\Bureau\\projet\\kd\\src\\pages\\admin\\DashboardAdmin.css","statementMap":{},"fnMap":{},"branchMap":{},"s":{},"f":{},"b":{},"meta":{"lastBranch":0,"lastFunction":0,"lastStatement":0,"seen":{},"fnNames":{}}}
,"C:\\Users\\camil\\OneDrive\\Bureau\\projet\\kd\\src\\pages\\admin\\DashboardAdmin.jsx": {"path":"C:\\Users\\camil\\OneDrive\\Bureau\\projet\\kd\\src\\pages\\admin\\DashboardAdmin.jsx","statementMap":{"0":{"start":{"line":10,"column":6},"end":{"line":280,"column":null}},"1":{"start":{"line":11,"column":34},"end":{"line":11,"column":42}},"2":{"start":{"line":12,"column":51},"end":{"line":12,"column":60}},"3":{"start":{"line":13,"column":28},"end":{"line":13,"column":39}},"4":{"start":{"line":14,"column":21},"end":{"line":14,"column":42}},"5":{"start":{"line":15,"column":31},"end":{"line":15,"column":47}},"6":{"start":{"line":16,"column":46},"end":{"line":16,"column":null}},"7":{"start":{"line":17,"column":42},"end":{"line":17,"column":null}},"8":{"start":{"line":19,"column":24},"end":{"line":19,"column":null}},"9":{"start":{"line":21,"column":2},"end":{"line":25,"column":null}},"10":{"start":{"line":22,"column":4},"end":{"line":24,"column":null}},"11":{"start":{"line":23,"column":6},"end":{"line":23,"column":null}},"12":{"start":{"line":27,"column":19},"end":{"line":27,"column":null}},"13":{"start":{"line":28,"column":23},"end":{"line":28,"column":null}},"14":{"start":{"line":29,"column":23},"end":{"line":29,"column":null}},"15":{"start":{"line":30,"column":23},"end":{"line":32,"column":null}},"16":{"start":{"line":31,"column":4},"end":{"line":31,"column":null}},"17":{"start":{"line":34,"column":23},"end":{"line":52,"column":null}},"18":{"start":{"line":35,"column":20},"end":{"line":35,"column":null}},"19":{"start":{"line":35,"column":43},"end":{"line":35,"column":71}},"20":{"start":{"line":36,"column":27},"end":{"line":36,"column":null}},"21":{"start":{"line":37,"column":20},"end":{"line":37,"column":null}},"22":{"start":{"line":37,"column":39},"end":{"line":37,"column":80}},"23":{"start":{"line":38,"column":4},"end":{"line":51,"column":null}},"24":{"start":{"line":54,"column":2},"end":{"line":62,"column":null}},"25":{"start":{"line":55,"column":4},"end":{"line":60,"column":null}},"26":{"start":{"line":64,"column":8},"end":{"line":68,"column":null}},"27":{"start":{"line":65,"column":20},"end":{"line":65,"column":null}},"28":{"start":{"line":66,"column":4},"end":{"line":66,"column":null}},"29":{"start":{"line":67,"column":4},"end":{"line":67,"column":null}},"30":{"start":{"line":70,"column":29},"end":{"line":75,"column":null}},"31":{"start":{"line":71,"column":4},"end":{"line":71,"column":null}},"32":{"start":{"line":72,"column":4},"end":{"line":72,"column":null}},"33":{"start":{"line":73,"column":4},"end":{"line":73,"column":null}},"34":{"start":{"line":74,"column":4},"end":{"line":74,"column":null}},"35":{"start":{"line":77,"column":8},"end":{"line":80,"column":null}},"36":{"start":{"line":78,"column":4},"end":{"line":78,"column":null}},"37":{"start":{"line":79,"column":4},"end":{"line":79,"column":null}},"38":{"start":{"line":82,"column":26},"end":{"line":84,"column":null}},"39":{"start":{"line":86,"column":2},"end":{"line":93,"column":null}},"40":{"start":{"line":87,"column":4},"end":{"line":91,"column":null}},"41":{"start":{"line":95,"column":2},"end":{"line":278,"column":null}},"42":{"start":{"line":159,"column":18},"end":{"line":184,"column":null}},"43":{"start":{"line":199,"column":61},"end":{"line":199,"column":null}}},"fnMap":{"0":{"name":"(anonymous_0)","decl":{"start":{"line":10,"column":6},"end":{"line":10,"column":29}},"loc":{"start":{"line":10,"column":29},"end":{"line":280,"column":null}},"line":10},"1":{"name":"(anonymous_1)","decl":{"start":{"line":21,"column":2},"end":{"line":21,"column":18}},"loc":{"start":{"line":21,"column":18},"end":{"line":25,"column":5}},"line":21},"2":{"name":"(anonymous_2)","decl":{"start":{"line":30,"column":41},"end":{"line":30,"column":47}},"loc":{"start":{"line":31,"column":4},"end":{"line":31,"column":null}},"line":31},"3":{"name":"(anonymous_3)","decl":{"start":{"line":34,"column":36},"end":{"line":34,"column":40}},"loc":{"start":{"line":34,"column":49},"end":{"line":52,"column":3}},"line":34},"4":{"name":"(anonymous_4)","decl":{"start":{"line":35,"column":33},"end":{"line":35,"column":38}},"loc":{"start":{"line":35,"column":43},"end":{"line":35,"column":71}},"line":35},"5":{"name":"(anonymous_5)","decl":{"start":{"line":37,"column":29},"end":{"line":37,"column":34}},"loc":{"start":{"line":37,"column":39},"end":{"line":37,"column":80}},"line":37},"6":{"name":"(anonymous_6)","decl":{"start":{"line":64,"column":8},"end":{"line":64,"column":37}},"loc":{"start":{"line":64,"column":37},"end":{"line":68,"column":null}},"line":64},"7":{"name":"(anonymous_7)","decl":{"start":{"line":70,"column":29},"end":{"line":70,"column":41}},"loc":{"start":{"line":70,"column":41},"end":{"line":75,"column":null}},"line":70},"8":{"name":"(anonymous_8)","decl":{"start":{"line":77,"column":8},"end":{"line":77,"column":34}},"loc":{"start":{"line":77,"column":34},"end":{"line":80,"column":null}},"line":77},"9":{"name":"(anonymous_9)","decl":{"start":{"line":158,"column":30},"end":{"line":158,"column":35}},"loc":{"start":{"line":159,"column":18},"end":{"line":184,"column":null}},"line":159},"10":{"name":"(anonymous_10)","decl":{"start":{"line":199,"column":45},"end":{"line":199,"column":55}},"loc":{"start":{"line":199,"column":61},"end":{"line":199,"column":null}},"line":199}},"branchMap":{"0":{"loc":{"start":{"line":22,"column":4},"end":{"line":24,"column":null}},"type":"if","locations":[{"start":{"line":22,"column":4},"end":{"line":24,"column":null}},{"start":{},"end":{}}],"line":22},"1":{"loc":{"start":{"line":27,"column":19},"end":{"line":27,"column":null}},"type":"binary-expr","locations":[{"start":{"line":27,"column":19},"end":{"line":27,"column":40}},{"start":{"line":27,"column":40},"end":{"line":27,"column":null}}],"line":27},"2":{"loc":{"start":{"line":28,"column":23},"end":{"line":28,"column":null}},"type":"binary-expr","locations":[{"start":{"line":28,"column":23},"end":{"line":28,"column":48}},{"start":{"line":28,"column":48},"end":{"line":28,"column":null}}],"line":28},"3":{"loc":{"start":{"line":29,"column":23},"end":{"line":29,"column":null}},"type":"binary-expr","locations":[{"start":{"line":29,"column":23},"end":{"line":29,"column":42}},{"start":{"line":29,"column":42},"end":{"line":29,"column":null}}],"line":29},"4":{"loc":{"start":{"line":40,"column":18},"end":{"line":40,"column":null}},"type":"binary-expr","locations":[{"start":{"line":40,"column":18},"end":{"line":40,"column":41}},{"start":{"line":40,"column":41},"end":{"line":40,"column":null}}],"line":40},"5":{"loc":{"start":{"line":41,"column":18},"end":{"line":41,"column":null}},"type":"binary-expr","locations":[{"start":{"line":41,"column":18},"end":{"line":41,"column":41}},{"start":{"line":41,"column":41},"end":{"line":41,"column":null}}],"line":41},"6":{"loc":{"start":{"line":42,"column":12},"end":{"line":42,"column":null}},"type":"binary-expr","locations":[{"start":{"line":42,"column":12},"end":{"line":42,"column":29}},{"start":{"line":42,"column":29},"end":{"line":42,"column":null}}],"line":42},"7":{"loc":{"start":{"line":43,"column":16},"end":{"line":43,"column":null}},"type":"binary-expr","locations":[{"start":{"line":43,"column":16},"end":{"line":43,"column":44}},{"start":{"line":43,"column":44},"end":{"line":43,"column":null}}],"line":43},"8":{"loc":{"start":{"line":54,"column":2},"end":{"line":62,"column":null}},"type":"if","locations":[{"start":{"line":54,"column":2},"end":{"line":62,"column":null}},{"start":{},"end":{}}],"line":54},"9":{"loc":{"start":{"line":82,"column":26},"end":{"line":84,"column":null}},"type":"cond-expr","locations":[{"start":{"line":83,"column":6},"end":{"line":83,"column":null}},{"start":{"line":84,"column":6},"end":{"line":84,"column":null}}],"line":82},"10":{"loc":{"start":{"line":86,"column":2},"end":{"line":93,"column":null}},"type":"if","locations":[{"start":{"line":86,"column":2},"end":{"line":93,"column":null}},{"start":{},"end":{}}],"line":86},"11":{"loc":{"start":{"line":99,"column":24},"end":{"line":99,"column":61}},"type":"binary-expr","locations":[{"start":{"line":99,"column":24},"end":{"line":99,"column":44}},{"start":{"line":99,"column":44},"end":{"line":99,"column":61}}],"line":99},"12":{"loc":{"start":{"line":139,"column":11},"end":{"line":142,"column":null}},"type":"binary-expr","locations":[{"start":{"line":139,"column":11},"end":{"line":139,"column":null}},{"start":{"line":140,"column":12},"end":{"line":142,"column":null}}],"line":139},"13":{"loc":{"start":{"line":144,"column":11},"end":{"line":192,"column":null}},"type":"cond-expr","locations":[{"start":{"line":145,"column":12},"end":{"line":189,"column":13}},{"start":{"line":189,"column":12},"end":{"line":192,"column":null}}],"line":144},"14":{"loc":{"start":{"line":177,"column":25},"end":{"line":177,"column":null}},"type":"binary-expr","locations":[{"start":{"line":177,"column":25},"end":{"line":177,"column":47}},{"start":{"line":177,"column":47},"end":{"line":177,"column":null}}],"line":177},"15":{"loc":{"start":{"line":197,"column":7},"end":{"line":276,"column":null}},"type":"binary-expr","locations":[{"start":{"line":197,"column":7},"end":{"line":197,"column":25}},{"start":{"line":197,"column":25},"end":{"line":197,"column":null}},{"start":{"line":198,"column":8},"end":{"line":276,"column":null}}],"line":197},"16":{"loc":{"start":{"line":212,"column":17},"end":{"line":217,"column":null}},"type":"binary-expr","locations":[{"start":{"line":212,"column":17},"end":{"line":212,"column":null}},{"start":{"line":213,"column":18},"end":{"line":217,"column":null}}],"line":212},"17":{"loc":{"start":{"line":219,"column":17},"end":{"line":224,"column":null}},"type":"binary-expr","locations":[{"start":{"line":219,"column":17},"end":{"line":219,"column":null}},{"start":{"line":220,"column":18},"end":{"line":224,"column":null}}],"line":219},"18":{"loc":{"start":{"line":226,"column":17},"end":{"line":231,"column":null}},"type":"binary-expr","locations":[{"start":{"line":226,"column":17},"end":{"line":226,"column":null}},{"start":{"line":227,"column":18},"end":{"line":231,"column":null}}],"line":226},"19":{"loc":{"start":{"line":233,"column":17},"end":{"line":238,"column":null}},"type":"binary-expr","locations":[{"start":{"line":233,"column":17},"end":{"line":233,"column":null}},{"start":{"line":234,"column":18},"end":{"line":238,"column":null}}],"line":233},"20":{"loc":{"start":{"line":241,"column":17},"end":{"line":244,"column":null}},"type":"binary-expr","locations":[{"start":{"line":241,"column":17},"end":{"line":241,"column":null}},{"start":{"line":242,"column":18},"end":{"line":244,"column":null}}],"line":241},"21":{"loc":{"start":{"line":248,"column":15},"end":{"line":258,"column":null}},"type":"binary-expr","locations":[{"start":{"line":248,"column":15},"end":{"line":248,"column":null}},{"start":{"line":249,"column":16},"end":{"line":258,"column":null}}],"line":248}},"s":{"0":1,"1":11,"2":11,"3":11,"4":11,"5":11,"6":11,"7":11,"8":11,"9":11,"10":11,"11":2,"12":11,"13":11,"14":11,"15":11,"16":0,"17":11,"18":10,"19":20,"20":10,"21":10,"22":10,"23":10,"24":11,"25":2,"26":9,"27":0,"28":0,"29":0,"30":9,"31":0,"32":0,"33":0,"34":0,"35":9,"36":0,"37":0,"38":9,"39":11,"40":1,"41":8,"42":8,"43":0},"f":{"0":11,"1":11,"2":0,"3":10,"4":20,"5":10,"6":0,"7":0,"8":0,"9":8,"10":0},"b":{"0":[2,9],"1":[11,1],"2":[11,1],"3":[11,1],"4":[10,0],"5":[10,0],"6":[10,0],"7":[10,0],"8":[2,9],"9":[0,9],"10":[1,10],"11":[8,0],"12":[11,8],"13":[8,0],"14":[8,0],"15":[11,0,0],"16":[0,0],"17":[0,0],"18":[0,0],"19":[0,0],"20":[0,0],"21":[0,0]},"meta":{"lastBranch":22,"lastFunction":11,"lastStatement":44,"seen":{"s:10:6:280:Infinity":0,"f:10:6:10:29":0,"s:11:34:11:42":1,"s:12:51:12:60":2,"s:13:28:13:39":3,"s:14:21:14:42":4,"s:15:31:15:47":5,"s:16:46:16:Infinity":6,"s:17:42:17:Infinity":7,"s:19:24:19:Infinity":8,"s:21:2:25:Infinity":9,"f:21:2:21:18":1,"b:22:4:24:Infinity:undefined:undefined:undefined:undefined":0,"s:22:4:24:Infinity":10,"s:23:6:23:Infinity":11,"s:27:19:27:Infinity":12,"b:27:19:27:40:27:40:27:Infinity":1,"s:28:23:28:Infinity":13,"b:28:23:28:48:28:48:28:Infinity":2,"s:29:23:29:Infinity":14,"b:29:23:29:42:29:42:29:Infinity":3,"s:30:23:32:Infinity":15,"f:30:41:30:47":2,"s:31:4:31:Infinity":16,"s:34:23:52:Infinity":17,"f:34:36:34:40":3,"s:35:20:35:Infinity":18,"f:35:33:35:38":4,"s:35:43:35:71":19,"s:36:27:36:Infinity":20,"s:37:20:37:Infinity":21,"f:37:29:37:34":5,"s:37:39:37:80":22,"s:38:4:51:Infinity":23,"b:40:18:40:41:40:41:40:Infinity":4,"b:41:18:41:41:41:41:41:Infinity":5,"b:42:12:42:29:42:29:42:Infinity":6,"b:43:16:43:44:43:44:43:Infinity":7,"b:54:2:62:Infinity:undefined
[...]
:16,"column":45},"end":{"line":16,"column":73}},"line":16},"4":{"name":"(anonymous_4)","decl":{"start":{"line":17,"column":63},"end":{"line":17,"column":67}},"loc":{"start":{"line":17,"column":71},"end":{"line":24,"column":7}},"line":17},"5":{"name":"(anonymous_5)","decl":{"start":{"line":18,"column":38},"end":{"line":18,"column":39}},"loc":{"start":{"line":18,"column":43},"end":{"line":18,"column":73}},"line":18},"6":{"name":"(anonymous_6)","decl":{"start":{"line":38,"column":12},"end":{"line":38,"column":13}},"loc":{"start":{"line":38,"column":22},"end":{"line":38,"column":57}},"line":38},"7":{"name":"(anonymous_7)","decl":{"start":{"line":41,"column":14},"end":{"line":41,"column":15}},"loc":{"start":{"line":41,"column":29},"end":{"line":68,"column":3}},"line":41},"8":{"name":"(anonymous_8)","decl":{"start":{"line":43,"column":54},"end":{"line":43,"column":55}},"loc":{"start":{"line":43,"column":59},"end":{"line":43,"column":68}},"line":43},"9":{"name":"(anonymous_9)","decl":{"start":{"line":52,"column":45},"end":{"line":52,"column":49}},"loc":{"start":{"line":52,"column":53},"end":{"line":59,"column":5}},"line":52},"10":{"name":"(anonymous_10)","decl":{"start":{"line":53,"column":54},"end":{"line":53,"column":55}},"loc":{"start":{"line":53,"column":59},"end":{"line":53,"column":89}},"line":53},"11":{"name":"(anonymous_11)","decl":{"start":{"line":70,"column":25},"end":{"line":70,"column":26}},"loc":{"start":{"line":70,"column":31},"end":{"line":111,"column":3}},"line":70},"12":{"name":"(anonymous_12)","decl":{"start":{"line":75,"column":43},"end":{"line":75,"column":44}},"loc":{"start":{"line":75,"column":48},"end":{"line":75,"column":94}},"line":75},"13":{"name":"(anonymous_13)","decl":{"start":{"line":76,"column":39},"end":{"line":76,"column":40}},"loc":{"start":{"line":76,"column":44},"end":{"line":76,"column":82}},"line":76},"14":{"name":"(anonymous_14)","decl":{"start":{"line":79,"column":34},"end":{"line":79,"column":35}},"loc":{"start":{"line":79,"column":46},"end":{"line":79,"column":64}},"line":79},"15":{"name":"(anonymous_15)","decl":{"start":{"line":80,"column":49},"end":{"line":80,"column":50}},"loc":{"start":{"line":80,"column":61},"end":{"line":80,"column":79}},"line":80},"16":{"name":"(anonymous_16)","decl":{"start":{"line":81,"column":39},"end":{"line":81,"column":40}},"loc":{"start":{"line":81,"column":51},"end":{"line":81,"column":69}},"line":81},"17":{"name":"(anonymous_17)","decl":{"start":{"line":85,"column":19},"end":{"line":85,"column":24}},"loc":{"start":{"line":85,"column":28},"end":{"line":97,"column":5}},"line":85},"18":{"name":"(anonymous_18)","decl":{"start":{"line":86,"column":43},"end":{"line":86,"column":47}},"loc":{"start":{"line":86,"column":51},"end":{"line":96,"column":7}},"line":86},"19":{"name":"(anonymous_19)","decl":{"start":{"line":100,"column":12},"end":{"line":100,"column":13}},"loc":{"start":{"line":100,"column":22},"end":{"line":100,"column":45}},"line":100},"20":{"name":"(anonymous_20)","decl":{"start":{"line":113,"column":16},"end":{"line":113,"column":17}},"loc":{"start":{"line":113,"column":29},"end":{"line":139,"column":3}},"line":113},"21":{"name":"(anonymous_21)","decl":{"start":{"line":116,"column":40},"end":{"line":116,"column":41}},"loc":{"start":{"line":116,"column":45},"end":{"line":116,"column":66}},"line":116},"22":{"name":"(anonymous_22)","decl":{"start":{"line":124,"column":41},"end":{"line":124,"column":45}},"loc":{"start":{"line":124,"column":49},"end":{"line":131,"column":5}},"line":124},"23":{"name":"(anonymous_23)","decl":{"start":{"line":125,"column":54},"end":{"line":125,"column":55}},"loc":{"start":{"line":125,"column":59},"end":{"line":125,"column":89}},"line":125},"24":{"name":"(anonymous_24)","decl":{"start":{"line":141,"column":18},"end":{"line":141,"column":19}},"loc":{"start":{"line":141,"column":31},"end":{"line":173,"column":3}},"line":141},"25":{"name":"(anonymous_25)","decl":{"start":{"line":146,"column":40},"end":{"line":146,"column":41}},"loc":{"start":{"line":146,"column":45},"end":{"line":146,"column":66}},"line":146},"26":{"name":"(anonymous_26)","decl":{"start":{"line":158,"column":41},"end":{"line":158,"column":45}},"loc":{"start":{"line":158,"column":49},"end":{"line":165,"column":5}},"line":158},"27":{"name":"(anonymous_27)","decl":{"start":{"line":159,"column":41},"end":{"line":159,"column":42}},"loc":{"start":{"line":159,"column":46},"end":{"line":159,"column":76}},"line":159},"28":{"name":"(anonymous_28)","decl":{"start":{"line":175,"column":18},"end":{"line":175,"column":19}},"loc":{"start":{"line":175,"column":31},"end":{"line":178,"column":3}},"line":175},"29":{"name":"(anonymous_29)","decl":{"start":{"line":177,"column":33},"end":{"line":177,"column":34}},"loc":{"start":{"line":177,"column":38},"end":{"line":177,"column":59}},"line":177},"30":{"name":"(anonymous_30)","decl":{"start":{"line":180,"column":23},"end":{"line":180,"column":24}},"loc":{"start":{"line":180,"column":39},"end":{"line":189,"column":3}},"line":180},"31":{"name":"(anonymous_31)","decl":{"start":{"line":185,"column":25},"end":{"line":185,"column":26}},"loc":{"start":{"line":185,"column":30},"end":{"line":188,"column":5}},"line":185}},"branchMap":{"0":{"loc":{"start":{"line":6,"column":11},"end":{"line":6,"column":28}},"type":"binary-expr","locations":[{"start":{"line":6,"column":11},"end":{"line":6,"column":22}},{"start":{"line":6,"column":26},"end":{"line":6,"column":28}}],"line":6},"1":{"loc":{"start":{"line":12,"column":25},"end":{"line":12,"column":48}},"type":"binary-expr","locations":[{"start":{"line":12,"column":25},"end":{"line":12,"column":42}},{"start":{"line":12,"column":46},"end":{"line":12,"column":48}}],"line":12},"2":{"loc":{"start":{"line":13,"column":21},"end":{"line":13,"column":40}},"type":"binary-expr","locations":[{"start":{"line":13,"column":21},"end":{"line":13,"column":34}},{"start":{"line":13,"column":38},"end":{"line":13,"column":40}}],"line":13},"3":{"loc":{"start":{"line":17,"column":31},"end":{"line":17,"column":57}},"type":"binary-expr","locations":[{"start":{"line":17,"column":31},"end":{"line":17,"column":51}},{"start":{"line":17,"column":55},"end":{"line":17,"column":57}}],"line":17},"4":{"loc":{"start":{"line":21,"column":22},"end":{"line":21,"column":62}},"type":"binary-expr","locations":[{"start":{"line":21,"column":22},"end":{"line":21,"column":41}},{"start":{"line":21,"column":45},"end":{"line":21,"column":62}}],"line":21},"5":{"loc":{"start":{"line":22,"column":21},"end":{"line":22,"column":59}},"type":"binary-expr","locations":[{"start":{"line":22,"column":21},"end":{"line":22,"column":39}},{"start":{"line":22,"column":43},"end":{"line":22,"column":59}}],"line":22},"6":{"loc":{"start":{"line":28,"column":20},"end":{"line":28,"column":60}},"type":"binary-expr","locations":[{"start":{"line":28,"column":20},"end":{"line":28,"column":39}},{"start":{"line":28,"column":43},"end":{"line":28,"column":60}}],"line":28},"7":{"loc":{"start":{"line":43,"column":31},"end":{"line":43,"column":48}},"type":"binary-expr","locations":[{"start":{"line":43,"column":31},"end":{"line":43,"column":42}},{"start":{"line":43,"column":46},"end":{"line":43,"column":48}}],"line":43},"8":{"loc":{"start":{"line":52,"column":5},"end":{"line":52,"column":35}},"type":"binary-expr","locations":[{"start":{"line":52,"column":5},"end":{"line":52,"column":29}},{"start":{"line":52,"column":33},"end":{"line":52,"column":35}}],"line":52},"9":{"loc":{"start":{"line":53,"column":26},"end":{"line":53,"column":42}},"type":"binary-expr","locations":[{"start":{"line":53,"column":26},"end":{"line":53,"column":36}},{"start":{"line":53,"column":40},"end":{"line":53,"column":42}}],"line":53},"10":{"loc":{"start":{"line":54,"column":6},"end":{"line":58,"column":7}},"type":"if","locations":[{"start":{"line":54,"column":6},"end":{"line":58,"column":7}},{"start":{},"end":{}}],"line":54},"11":{"loc":{"start":{"line":61,"column":18},"end":{"line":61,"column":35}},"type":"binary-expr","locations":[{"start":{"line":61,"column":18},"end":{"line":61,"column":29}},{"start":{"line":61,"column":33},"end":{"line":61,"column":35}}],"line":61},"12":{"loc":{"start":{"line":86,"column":7},"end":{"line":86,"column":33}},"type":"binary-expr","locations":[{"start":{"line":86,"column":7},"end":{"line":86,"column":27}},{"start":{"line":86,"column":31},"end":{"line":86,"column":33}}],"line":86},"13":{"loc":{"start":{"line":87,"column":8},"end":{"line":93,"column":9}},"type":"if","locations":[{"start":{"line":87,"column":8},"end":{"line":93,"column":9}},{"start":{},"end":{}}],"line":87},"14":{"loc":{"start":{"line":115,"column":19},"end":{"line":115,"column":36}},"type":"binary-expr","locations":[{"start":{"line":115,"column":19},"end":{"line":115,"column":30}},{"start":{"line":115,"column":34},"end":{"line":115,"column":36}}],"line":115},"15":{"loc":{"start":{"line":118,"column":4},"end":{"line":120,"column":5}},"type":"if","locations":[{"start":{"line":118,"column":4},"end":{"line":120,"column":5}},{"start":{},"end":{}}],"line":118},"16":{"loc":{"start":{"line":124,"column":5},"end":{"line":124,"column":31}},"type":"binary-expr","locations":[{"start":{"line":124,"column":5},"end":{"line":124,"column":25}},{"start":{"line":124,"column":29},"end":{"line":124,"column":31}}],"line":124},"17":{"loc":{"start":{"line":125,"column":26},"end":{"line":125,"column":42}},"type":"binary-expr","locations":[{"start":{"line":125,"column":26},"end":{"line":125,"column":36}},{"start":{"line":125,"column":40},"end":{"line":125,"column":42}}],"line":125},"18":{"loc":{"start":{"line":126,"column":6},"end":{"line":130,"column":7}},"type":"if","locations":[{"start":{"line":126,"column":6},"end":{"line":130,"column":7}},{"start":{},"end":{}}],"line":126},"19":{"loc":{"start":{"line":143,"column":19},"end":{"line":143,"column":36}},"type":"binary-expr","locations":[{"start":{"line":143,"column":19},"end":{"line":143,"column":30}},{"start":{"line":143,"column":34},"end":{"line":143,"column":36}}],"line":143},"20":{"loc":{"start":{"line":144,"column":18},"end":{"line":144,"column":34}},"type":"binary-expr","locations":[{"start":{"line":144,"column":18},"end":{"line":144,"column":28}},{"start":{"line":144,"column":32},"end":{"line":144,"column":34}}],"line":144},"21":{"loc":{"start":{"line":148,"column":4},"end":{"line":150,"column":5}},"type":"if","locations":[{"start":{"line":148,"column":4},"end":{"line":150,"column":5}},{"start":{},"end":{}}],"line":148},"22":{"loc":{"start":{"line":154,"column":4},"end":{"line":156,"column":5}},"type":"if","locations":[{"start":{"line":154,"column":4},"end":{"line":156,"column":5}},{"start":{},"end":{}}],"line":154},"23":{"loc":{"start":{"line":158,"column":5},"end":{"line":158,"column":31}},"type":"binary-expr","locations":[{"start":{"line":158,"column":5},"end":{"line":158,"column":25}},{"start":{"line":158,"column":29},"end":{"line":158,"column":31}}],"line":158},"24":{"loc":{"start":{"line":160,"column":6},"end":{"line":164,"column":7}},"type":"if","locations":[{"start":{"line":160,"column":6},"end":{"line":164,"column":7}},{"start":{},"end":{}}],"line":160},"25":{"loc":{"start":{"line":187,"column":13},"end":{"line":187,"column":59}},"type":"binary-expr","locations":[{"start":{"line":187,"column":13},"end":{"line":187,"column":35}},{"start":{"line":187,"column":39},"end":{"line":187,"column":59}}],"line":187}},"s":{"0":1,"1":6,"2":6,"3":3,"4":3,"5":3,"6":3,"7":3,"8":0,"9":0,"10":0,"11":0,"12":0,"13":0,"14":0,"15":0,"16":0,"17":0,"18":0,"19":0,"20":0,"21":0,"22":0,"23":0,"24":0,"25":0,"26":0,"27":0,"28":0,"29":0,"30":0,"31":0,"32":3,"33":3,"34":3,"35":3,"36":0,"37":3,"38":0,"39":3,"40":3,"41":0,"42":3,"43":0,"44":3,"45":0,"46":3,"47":3,"48":0,"49":0,"50":0,"51":0,"52":0,"53":3,"54":0,"55":3,"56":0,"57":0,"58":0,"59":0,"60":0,"61":0,"62":0,"63":0,"64":0,"65":0,"66":0,"67":0,"68":0,"69":0,"70":0,"71":0,"72":0,"73":0,"74":0,"75":0,"76":0,"77":0,"78":0,"79":0,"80":0,"81":0,"82":0,"83":0,"84":0,"85":0,"86":0,"87":0,"88":0,"89":0,"90":0,"91":0,"92":0,"93":0,"94":0,"95":0,"96":0,"97":0,"98":0,"99":0,"100":0,"101":0,"102":0,"103":0},"f":{"0":6,"1":3,"2":0,"3":0,"4":0,"5":0,"6":0,"7":0,"8":0,"9":0,"10":0,"11":3,"12":0,"13":0,"14":0,"15":0,"16":0,"17":0,"18":0,"19":0,"20":0,"21":0,"22":0,"23":0,"24":0,"25":0,"26":0,"27":0,"28":0,"29":0,"30":0,"31":0},"b":{"0":[6,6],"1":[3,3],"2":[3,3],"3":[0,0],"4":[0,0],"5":[0,0],"6":[0,0],"7":[0,0],"8":[0,0],"9":[0,0],"10":[0,0],"11":[0,0],"12":[0,0],"13":[0,0],"14":[0,0],"15":[0,0],"16":[0,0],"17":[0,0],"18":[0,0],"19":[0,0],"20":[0,0],"21":[0,0],"22":[0,0],"23":[0,0],"24":[0,0],"25":[0,0]},"meta":{"lastBranch":26,"lastFunction":32,"lastStatement":104,"seen":{"s:3:28:190:1":0,"f:4:13:4:14":0,"s:5:17:5:44":1,"s:6:4:6:29":2,"b:6:11:6:22:6:26:6:28":0,"f:9:23:9:24":1,"s:10:19:10:43":3,"s:11:17:11:44":4,"s:12:25:12:48":5,"b:12:25:12:42:12:46:12:48":1,"s:13:21:13:40":6,"b:13:21:13:34:13:38:13:40":2,"s:15:4:38:59":7,"f:15:22:15:27":2,"s:16:22:16:74":8,"f:16:40:16:41":3,"s:16:45:16:73":9,"s:17:30:24:8":10,"b:17:31:17:51:17:55:17:57":3,"f:17:63:17:67":4,"s:18:24:18:74":11,"f:18:38:18:39":5,"s:18:43:18:73":12,"s:19:8:23:10":13,"b:21:22:21:41:21:45:21:62":4,"b:22:21:22:39:22:43:22:59":5,"s:26:6:37:8":14,"b:28:20:28:39:28:43:28:60":6,"f:38:12:38:13":6,"s:38:22:38:57":15,"f:41:14:41:15":7,"s:42:17:42:44":16,"s:43:18:43:77":17,"b:43:31:43:42:43:46:43:48":7,"f:43:54:43:55":8,"s:43:59:43:68":18,"s:45:26:50:5":19,"s:52:4:59:7":20,"b:52:5:52:29:52:33:52:35":8,"f:52:45:52:49":9,"s:53:25:53:90":21,"b:53:26:53:36:53:40:53:42":9,"f:53:54:53:55":10,"s:53:59:53:89":22,"b:54:6:58:7:undefined:undefined:undefined:undefined":10,"s:54:6:58:7":23,"s:55:8:55:65":24,"s:56:8:56:63":25,"s:57:8:57:88":26,"s:61:4:61:36":27,"b:61:18:61:29:61:33:61:35":11,"s:62:4:62:36":28,"s:64:4:64:53":29,"s:65:4:65:51":30,"s:67:4:67:25":31,"f:70:25:70:26":11,"s:71:19:71:43":32,"s:72:23:72:48":33,"s:73:19:73:40":34,"s:75:29:75:95":35,"f:75:43:75:44":12,"s:75:48:75:94":36,"s:76:25:76:83":37,"f:76:39:76:40":13,"s:76:44:76:82":38,"s:78:24:78:37":39,"s:79:20:79:68":40,"f:79:34:79:35":14,"s:79:46:79:64":41,"s:80:25:80:83":42,"f:80:49:80:50":15,"s:80:61:80:79":43,"s:81:19:81:73":44,"f:81:39:81:40":16,"s:81:51:81:69":45,"s:84:27:84:29":46,"s:85:4:97:7":47,"f:85:19:85:24":17,"s:86:6:96:9":48,"b:86:7:86:27:86:31:86:33":12,"f:86:43:86:47":18,"b:87:8:93:9:undefined:undefined:undefined:undefined":13,"s:87:8:93:9":49,"s:88:10:92:12":50,"s:94:8:94:65":51,"s:95:8:95:73":52,"s:99:31:101:18":53,"f:100:12:100:13":19,"s:100:22:100:45":54,"s:103:4:110:6":55,"f:113:16:113:17":20,"s:114:17:114:44":56,"s:115:19:115:36":57,"b:115:19:115:30:115:34:115:36":14,"s:116:23:116:67":58,"f:116:40:116:41":21,"s:116:45:116:66":59,"b:118:4:120:5:undefined:undefined:undefined:undefined":15,"s:118:4:120:5":60,"s:119:6:119:43":61,"s:122:18:122:36":62,"s:124:4:131:7":63,"b:124:5:124:25:124:29:124:31":16,"f:124:41:124:45":22,"s:125:25:125:90":64,"b:125:26:125:36:125:40:125:42":17,"f:125:54:125:55":23,"s:125:59:125:89":65,"b:126:6:130:7:undefined:undefined:undefined:undefined":18,"s:126:6:130:7":66,"s:127:8:127:65":67,"s:128:8:128:63":68,"s:129:8:129:88":69,"s:133:4:133:42":70,"s:135:4:135:48":71,"s:136:4:136:51":72,"s:138:4:138:30":73,"f:141:18:141:19":24,"s:142:17:142:44":74,"s:143:19:143:36":75,"b:143:19:143:30:143:34:143:36":19,"s:144:18:144:34":76,"b:144:18:144:28:144:32:144:34":20,"s:146:23:146:67":77,"f:146:40:146:41":25,"s:146:45:146:66":78,"b:148:4:150:5:undefined:undefined:undefined:undefined":21,"s:148:4:150:5":79,"s:149:6:149:43":80,"s:152:18:152:36":81,"b:154:4:156:5:undefined:undefined:undefined:undefined":22,"s:154:4:156:5":82,"s:155:6:155:54":83,"s:158:4:165:7":84,"b:158:5:158:25:158:29:158:31":23,"f:158:41:158:45":26,"s:159:25:159:77":85,"f:159:41:159:42":27,"s:159:46:159:76":86,"b:160:6:164:7:undefined:undefined:undefined:undefined":24,"s:160:6:164:7":87,"s:161:8:161:60":88,"s:162:8:162:58":89,"s:163:8:163:83":90,"s:167:4:167:33":91,"s:169:4:169:48":92,"s:170:4:170:46":93,"s:172:4:172:16":94,"f:175:18:175:19":28,"s:176:29:176:63":95,"s:177:4:177:61":96,"f:177:33:177:34":29,"s:177:38:177:59":97,"f:180:23:180:24":30,"s:181:19:181:53":98,"s:182:22:182:37":99,"s:183:20:183:33":100,"s:185:4:188:7":101,"f:185:25:185:26":31,"s:186:24:186:40":102,"s:187:6:187:60":103,"b:187:13:187:35:187:39:187:59":25},"fnNames":{}}}
,"C:\\Users\\camil\\OneDrive\\Bureau\\projet\\kd\\src\\utils\\formatters.js": {"path":"C:\\Users\\camil\\OneDrive\\Bureau\\projet\\kd\\src\\utils\\formatters.js","statementMap":{"0":{"start":{"line":2,"column":25},"end":{"line":5,"column":1}},"1":{"start":{"line":3,"column":2},"end":{"line":3,"column":49}},"2":{"start":{"line":3,"column":33},"end":{"line":3,"column":49}},"3":{"start":{"line":4,"column":2},"end":{"line":4,"column":51}},"4":{"start":{"line":8,"column":28},"end":{"line":11,"column":1}},"5":{"start":{"line":9,"column":2},"end":{"line":9,"column":42}},"6":{"start":{"line":9,"column":31},"end":{"line":9,"column":42}},"7":{"start":{"line":10,"column":2},"end":{"line":10,"column":40}},"8":{"start":{"line":14,"column":29},"end":{"line":18,"column":1}},"9":{"start":{"line":15,"column":2},"end":{"line":15,"column":49}},"10":{"start":{"line":15,"column":37},"end":{"line":15,"column":49}},"11":{"start":{"line":16,"column":16},"end":{"line":16,"column":59}},"12":{"start":{"line":17,"column":2},"end":{"line":17,"column":32}}},"fnMap":{"0":{"name":"(anonymous_0)","decl":{"start":{"line":2,"column":25},"end":{"line":2,"column":26}},"loc":{"start":{"line":2,"column":38},"end":{"line":5,"column":1}},"line":2},"1":{"name":"(anonymous_1)","decl":{"start":{"line":8,"column":28},"end":{"line":8,"column":29}},"loc":{"start":{"line":8,"column":40},"end":{"line":11,"column":1}},"line":8},"2":{"name":"(anonymous_2)","decl":{"start":{"line":14,"column":29},"end":{"line":14,"column":30}},"loc":{"start":{"line":14,"column":55},"end":{"line":18,"column":1}},"line":14}},"branchMap":{"0":{"loc":{"start":{"line":3,"column":2},"end":{"line":3,"column":49}},"type":"if","locations":[{"start":{"line":3,"column":2},"end":{"line":3,"column":49}},{"start":{},"end":{}}],"line":3},"1":{"loc":{"start":{"line":3,"column":6},"end":{"line":3,"column":31}},"type":"binary-expr","locations":[{"start":{"line":3,"column":6},"end":{"line":3,"column":14}},{"start":{"line":3,"column":18},"end":{"line":3,"column":31}}],"line":3},"2":{"loc":{"start":{"line":9,"column":2},"end":{"line":9,"column":42}},"type":"if","locations":[{"start":{"line":9,"column":2},"end":{"line":9,"column":42}},{"start":{},"end":{}}],"line":9},"3":{"loc":{"start":{"line":9,"column":6},"end":{"line":9,"column":29}},"type":"binary-expr","locations":[{"start":{"line":9,"column":6},"end":{"line":9,"column":13}},{"start":{"line":9,"column":17},"end":{"line":9,"column":29}}],"line":9},"4":{"loc":{"start":{"line":15,"column":2},"end":{"line":15,"column":49}},"type":"if","locations":[{"start":{"line":15,"column":2},"end":{"line":15,"column":49}},{"start":{},"end":{}}],"line":15},"5":{"loc":{"start":{"line":15,"column":6},"end":{"line":15,"column":35}},"type":"binary-expr","locations":[{"start":{"line":15,"column":6},"end":{"line":15,"column":16}},{"start":{"line":15,"column":20},"end":{"line":15,"column":35}}],"line":15}},"s":{"0":2,"1":24,"2":0,"3":24,"4":2,"5":0,"6":0,"7":0,"8":2,"9":0,"10":0,"11":0,"12":0},"f":{"0":24,"1":0,"2":0},"b":{"0":[0,24],"1":[24,0],"2":[0,0],"3":[0,0],"4":[0,0],"5":[0,0]},"meta":{"lastBranch":6,"lastFunction":3,"lastStatement":13,"seen":{"s:2:25:5:1":0,"f:2:25:2:26":0,"b:3:2:3:49:undefined:undefined:undefined:undefined":0,"s:3:2:3:49":1,"b:3:6:3:14:3:18:3:31":1,"s:3:33:3:49":2,"s:4:2:4:51":3,"s:8:28:11:1":4,"f:8:28:8:29":1,"b:9:2:9:42:undefined:undefined:undefined:undefined":2,"s:9:2:9:42":5,"b:9:6:9:13:9:17:9:29":3,"s:9:31:9:42":6,"s:10:2:10:40":7,"s:14:29:18:1":8,"f:14:29:14:30":2,"b:15:2:15:49:undefined:undefined:undefined:undefined":4,"s:15:2:15:49":9,"b:15:6:15:16:15:20:15:35":5,"s:15:37:15:49":10,"s:16:16:16:59":11,"s:17:2:17:32":12},"fnNames":{}}}
}
