{"C:\\Users\\camil\\OneDrive\\Bureau\\projet\\kd\\src\\services\\roleService.js": {"path":"C:\\Users\\camil\\OneDrive\\Bureau\\projet\\kd\\src\\services\\roleService.js","statementMap":{"0":{"start":{"line":12,"column":21},"end":{"line":18,"column":1}},"1":{"start":{"line":20,"column":23},"end":{"line":20,"column":43}},"2":{"start":{"line":25,"column":27},"end":{"line":59,"column":1}},"3":{"start":{"line":62,"column":33},"end":{"line":71,"column":1}},"4":{"start":{"line":74,"column":33},"end":{"line":108,"column":1}},"5":{"start":{"line":113,"column":33},"end":{"line":140,"column":1}},"6":{"start":{"line":145,"column":30},"end":{"line":151,"column":1}},"7":{"start":{"line":157,"column":23},"end":{"line":164,"column":1}},"8":{"start":{"line":158,"column":2},"end":{"line":163,"column":null}},"9":{"start":{"line":159,"column":17},"end":{"line":159,"column":44}},"10":{"start":{"line":160,"column":4},"end":{"line":160,"column":null}},"11":{"start":{"line":162,"column":4},"end":{"line":162,"column":null}},"12":{"start":{"line":166,"column":24},"end":{"line":176,"column":1}},"13":{"start":{"line":167,"column":2},"end":{"line":175,"column":null}},"14":{"start":{"line":168,"column":17},"end":{"line":168,"column":44}},"15":{"start":{"line":169,"column":4},"end":{"line":169,"column":null}},"16":{"start":{"line":170,"column":4},"end":{"line":170,"column":null}},"17":{"start":{"line":171,"column":4},"end":{"line":171,"column":null}},"18":{"start":{"line":173,"column":4},"end":{"line":173,"column":null}},"19":{"start":{"line":174,"column":4},"end":{"line":174,"column":null}},"20":{"start":{"line":185,"column":27},"end":{"line":198,"column":1}},"21":{"start":{"line":186,"column":18},"end":{"line":190,"column":5}},"22":{"start":{"line":186,"column":78},"end":{"line":190,"column":3}},"23":{"start":{"line":192,"column":17},"end":{"line":195,"column":5}},"24":{"start":{"line":192,"column":44},"end":{"line":195,"column":3}},"25":{"start":{"line":197,"column":2},"end":{"line":197,"column":null}},"26":{"start":{"line":203,"column":34},"end":{"line":219,"column":1}},"27":{"start":{"line":205,"column":17},"end":{"line":205,"column":60}},"28":{"start":{"line":205,"column":44},"end":{"line":205,"column":59}},"29":{"start":{"line":206,"column":2},"end":{"line":206,"column":null}},"30":{"start":{"line":206,"column":14},"end":{"line":206,"column":null}},"31":{"start":{"line":209,"column":2},"end":{"line":215,"column":null}},"32":{"start":{"line":210,"column":17},"end":{"line":210,"column":44}},"33":{"start":{"line":211,"column":22},"end":{"line":211,"column":60}},"34":{"start":{"line":212,"column":4},"end":{"line":214,"column":null}},"35":{"start":{"line":213,"column":6},"end":{"line":213,"column":null}},"36":{"start":{"line":218,"column":2},"end":{"line":218,"column":null}},"37":{"start":{"line":224,"column":29},"end":{"line":224,"column":72}},"38":{"start":{"line":224,"column":41},"end":{"line":224,"column":72}},"39":{"start":{"line":229,"column":23},"end":{"line":254,"column":1}},"40":{"start":{"line":230,"column":17},"end":{"line":230,"column":33}},"41":{"start":{"line":233,"column":2},"end":{"line":235,"column":null}},"42":{"start":{"line":233,"column":23},"end":{"line":233,"column":43}},"43":{"start":{"line":234,"column":4},"end":{"line":234,"column":null}},"44":{"start":{"line":236,"column":2},"end":{"line":238,"column":null}},"45":{"start":{"line":237,"column":4},"end":{"line":237,"column":null}},"46":{"start":{"line":240,"column":18},"end":{"line":249,"column":3}},"47":{"start":{"line":251,"column":2},"end":{"line":251,"column":null}},"48":{"start":{"line":252,"column":2},"end":{"line":252,"column":null}},"49":{"start":{"line":253,"column":2},"end":{"line":253,"column":null}},"50":{"start":{"line":259,"column":26},"end":{"line":273,"column":1}},"51":{"start":{"line":260,"column":2},"end":{"line":262,"column":null}},"52":{"start":{"line":261,"column":4},"end":{"line":261,"column":null}},"53":{"start":{"line":264,"column":15},"end":{"line":264,"column":31}},"54":{"start":{"line":265,"column":17},"end":{"line":265,"column":50}},"55":{"start":{"line":265,"column":34},"end":{"line":265,"column":49}},"56":{"start":{"line":266,"column":2},"end":{"line":268,"column":null}},"57":{"start":{"line":267,"column":4},"end":{"line":267,"column":null}},"58":{"start":{"line":270,"column":2},"end":{"line":270,"column":null}},"59":{"start":{"line":270,"column":30},"end":{"line":270,"column":45}},"60":{"start":{"line":271,"column":2},"end":{"line":271,"column":null}},"61":{"start":{"line":272,"column":2},"end":{"line":272,"column":null}},"62":{"start":{"line":278,"column":26},"end":{"line":292,"column":1}},"63":{"start":{"line":279,"column":17},"end":{"line":279,"column":33}},"64":{"start":{"line":280,"column":16},"end":{"line":280,"column":54}},"65":{"start":{"line":280,"column":38},"end":{"line":280,"column":53}},"66":{"start":{"line":282,"column":2},"end":{"line":287,"column":null}},"67":{"start":{"line":284,"column":4},"end":{"line":284,"column":null}},"68":{"start":{"line":285,"column":4},"end":{"line":285,"column":null}},"69":{"start":{"line":286,"column":4},"end":{"line":286,"column":null}},"70":{"start":{"line":291,"column":2},"end":{"line":291,"column":null}},"71":{"start":{"line":297,"column":37},"end":{"line":318,"column":1}},"72":{"start":{"line":298,"column":17},"end":{"line":298,"column":33}},"73":{"start":{"line":299,"column":16},"end":{"line":299,"column":54}},"74":{"start":{"line":299,"column":38},"end":{"line":299,"column":53}},"75":{"start":{"line":301,"column":2},"end":{"line":306,"column":null}},"76":{"start":{"line":303,"column":4},"end":{"line":303,"column":null}},"77":{"start":{"line":304,"column":4},"end":{"line":304,"column":null}},"78":{"start":{"line":305,"column":4},"end":{"line":305,"column":null}},"79":{"start":{"line":309,"column":2},"end":{"line":317,"column":null}},"80":{"start":{"line":310,"column":17},"end":{"line":310,"column":44}},"81":{"start":{"line":311,"column":22},"end":{"line":311,"column":60}},"82":{"start":{"line":312,"column":4},"end":{"line":312,"column":null}},"83":{"start":{"line":313,"column":4},"end":{"line":313,"column":null}},"84":{"start":{"line":314,"column":4},"end":{"line":314,"column":null}},"85":{"start":{"line":316,"column":4},"end":{"line":316,"column":null}},"86":{"start":{"line":327,"column":29},"end":{"line":349,"column":1}},"87":{"start":{"line":328,"column":2},"end":{"line":328,"column":null}},"88":{"start":{"line":328,"column":27},"end":{"line":328,"column":null}},"89":{"start":{"line":329,"column":2},"end":{"line":329,"column":null}},"90":{"start":{"line":329,"column":39},"end":{"line":329,"column":null}},"91":{"start":{"line":332,"column":2},"end":{"line":338,"column":null}},"92":{"start":{"line":333,"column":17},"end":{"line":333,"column":44}},"93":{"start":{"line":334,"column":22},"end":{"line":334,"column":60}},"94":{"start":{"line":335,"column":4},"end":{"line":337,"column":null}},"95":{"start":{"line":336,"column":6},"end":{"line":336,"column":null}},"96":{"start":{"line":341,"column":17},"end":{"line":341,"column":63}},"97":{"start":{"line":341,"column":44},"end":{"line":341,"column":62}},"98":{"start":{"line":342,"column":2},"end":{"line":344,"column":null}},"99":{"start":{"line":343,"column":4},"end":{"line":343,"column":null}},"100":{"start":{"line":347,"column":16},"end":{"line":347,"column":51}},"101":{"start":{"line":348,"column":2},"end":{"line":348,"column":null}},"102":{"start":{"line":351,"column":32},"end":{"line":351,"column":88}},"103":{"start":{"line":351,"column":49},"end":{"line":351,"column":88}},"104":{"start":{"line":351,"column":65},"end":{"line":351,"column":87}},"105":{"start":{"line":352,"column":33},"end":{"line":352,"column":90}},"106":{"start":{"line":352,"column":50},"end":{"line":352,"column":90}},"107":{"start":{"line":352,"column":67},"end":{"line":352,"column":89}},"108":{"start":{"line":357,"column":31},"end":{"line":360,"column":1}},"109":{"start":{"line":358,"column":15},"end":{"line":358,"column":36}},"110":{"start":{"line":359,"column":2},"end":{"line":359,"column":null}},"111":{"start":{"line":365,"column":28},"end":{"line":365,"column":114}},"112":{"start":{"line":365,"column":45},"end":{"line":365,"column":114}},"113":{"start":{"line":365,"column":98},"end":{"line":365,"column":113}},"114":{"start":{"line":370,"column":30},"end":{"line":377,"column":1}},"115":{"start":{"line":371,"column":2},"end":{"line":371,"column":null}},"116":{"start":{"line":371,"column":13},"end":{"line":371,"column":null}},"117":{"start":{"line":372,"column":2},"end":{"line":372,"column":null}},"118":{"start":{"line":372,"column":21},"end":{"line":372,"column":null}},"119":{"start":{"line":373,"column":2},"end":{"line":373,"column":null}},"120":{"start":{"line":373,"column":39},"end":{"line":373,"column":null}},"121":{"start":{"line":374,"column":19},"end":{"line":374,"column":45}},"122":{"start":{"line":375,"column":23},"end":{"line":375,"column":52}},"123":{"start":{"line":376,"column":2},"end":{"line":376,"column":null}},"124":{"start":{"line":383,"column":29},"end":{"line":383,"column":57}},"125":{"start":{"line":388,"column":31},"end":{"line":410,"column":1}},"126":{"start":{"line":389,"column":2},"end":{"line":389,"column":null}},"127":{"start":{"line":389,"column":13},"end":{"line":389,"column":null}},"128":{"start":{"line":392,"column":2},"end":{"line":394,"column":null}},"129":{"start":{"line":393,"column":4},"end":{"line":393,"column":null}},"130":{"start":{"line":397,"column":17},"end":{"line":397,"column":58}},"131":{"start":{"line":397,"column":44},"end":{"line":397,"column":57}},"132":{"start":{"line":398,"column":2},"end":{"line":407,"column":null}},"133":{"start":{"line":399,"column":4},"end":{"line":406,"column":null}},"134":{"start":{"line":409,"column":2},"end":{"line":409,"column":null}},"135":{"start":{"line":415,"column":33},"end":{"line":418,"column":1}},"136":{"start":{"line":416,"column":15},"end":{"line":416,"column":36}},"137":{"start":{"line":417,"column":2},"end":{"line":417,"column":null}},"138":{"start":{"line":427,"column":34},"end":{"line":435,"column":1}},"139":{"start":{"line":428,"column":15},"end":{"line":428,"column":42}},"140":{"start":{"line":429,"column":2},"end":{"line":434,"column":null}},"141":{"start":{"line":440,"column":33},"end":{"line":452,"column":1}},"142":{"start":{"line":441,"column":21},"end":{"line":441,"column":41}},"143":{"start":{"line":442,"column":15},"end":{"line":442,"column":92}},"144":{"start":{"line":443,"column":14},"end":{"line":443,"column":39}},"145":{"start":{"line":444,"column":12},"end":{"line":444,"column":39}},"146":{"start":{"line":445,"column":2},"end":{"line":445,"column":null}},"147":{"start":{"line":446,"column":2},"end":{"line":446,"column":null}},"148":{"start":{"line":447,"column":2},"end":{"line":447,"column":null}},"149":{"start":{"line":448,"column":2},"end":{"line":448,"column":null}},"150":{"start":{"line":449,"column":2},"end":{"line":449,"column":null}},"151":{"start":{"line":450,"column":2},"end":{"line":450,"column":null}},"152":{"start":{"line":451,"column":2},"end":{"line":451,"column":null}},"153":{"start":{"line":458,"column":33},"end":{"line":518,"column":1}},"154":{"start":{"line":460,"column":2},"end":{"line":462,"column":null}},"155":{"start":{"line":461,"column":4},"end":{"line":461,"column":null}},"156":{"start":{"line":464,"column":2},"end":{"line":466,"column":null}},"157":{"start":{"line":465,"column":4},"end":{"line":465,"column":null}},"158":{"start":{"line":469,"column":2},"end":{"line":471,"column":null}},"159":{"start":{"line":470,"column":4},"end":{"line":470,"column":null}},"160":{"start":{"line":474,"column":2},"end":{"line":482,"column":null}},"161":{"start":{"line":475,"column":4},"end":{"line":477,"column":null}},"162":{"start":{"line":476,"column":6},"end":{"line":476,"column":null}},"163":{"start":{"line":479,"column":4},"end":{"line":481,"column":null}},"164":{"start":{"line":480,"column":6},"end":{"line":480,"column":null}},"165":{"start":{"line":485,"column":27},"end":{"line":485,"column":55}},"166":{"start":{"line":486,"column":25},"end":{"line":488,"column":7}},"167":{"start":{"line":491,"column":15},"end":{"line":491,"column":42}},"168":{"start":{"line":494,"column":25},"end":{"line":494,"column":48}},"169":{"start":{"line":495,"column":17},"end":{"line":495,"column":53}},"170":{"start":{"line":495,"column":48},"end":{"line":495,"column":52}},"171":{"start":{"line":496,"column":23},"end":{"line":499,"column":3}},"172":{"start":{"line":497,"column":34},"end":{"line":497,"column":56}},"173":{"start":{"line":501,"column":2},"end":{"line":501,"column":null}},"174":{"start":{"line":504,"column":28},"end":{"line":504,"column":66}},"175":{"start":{"line":505,"column":2},"end":{"line":508,"column":null}},"176":{"start":{"line":510,"column":2},"end":{"line":510,"column":null}},"177":{"start":{"line":511,"column":2},"end":{"line":511,"column":null}},"178":{"start":{"line":513,"column":2},"end":{"line":517,"column":null}},"179":{"start":{"line":523,"column":35},"end":{"line":538,"column":1}},"180":{"start":{"line":524,"column":2},"end":{"line":537,"column":null}},"181":{"start":{"line":525,"column":19},"end":{"line":525,"column":35}},"182":{"start":{"line":526,"column":4},"end":{"line":534,"column":null}},"183":{"start":{"line":527,"column":6},"end":{"line":533,"column":null}},"184":{"start":{"line":528,"column":21},"end":{"line":528,"column":48}},"185":{"start":{"line":529,"column":23},"end":{"line":529,"column":46}},"186":{"start":{"line":530,"column":8},"end":{"line":530,"column":null}},"187":{"start":{"line":532,"column":8},"end":{"line":532,"column":null}},"188":{"start":{"line":535,"column":4},"end":{"line":535,"column":null}},"189":{"start":{"line":535,"column":27},"end":{"line":535,"column":76}},"190":{"start":{"line":536,"column":4},"end":{"line":536,"column":null}}},"fnMap":{"0":{"name":"(anonymous_0)","decl":{"start":{"line":157,"column":23},"end":{"line":157,"column":24}},"loc":{"start":{"line":157,"column":29},"end":{"line":164,"column":1}},"line":157},"1":{"name":"(anonymous_1)","decl":{"start":{"line":166,"column":24},"end":{"line":166,"column":25}},"loc":{"start":{"line":166,"column":41},"end":{"line":176,"column":1}},"line":166},"2":{"name":"(anonymous_2)","decl":{"start":{"line":185,"column":27},"end":{"line":185,"column":28}},"loc":{"start":{"line":185,"column":33},"end":{"line":198,"column":1}},"line":185},"3":{"name":"(anonymous_3)","decl":{"start":{"line":186,"column":60},"end":{"line":186,"column":61}},"loc":{"start":{"line":186,"column":78},"end":{"line":190,"column":3}},"line":186},"4":{"name":"(anonymous_4)","decl":{"start":{"line":192,"column":38},"end":{"line":192,"column":39}},"loc":{"start":{"line":192,"column":44},"end":{"line":195,"column":3}},"line":192},"5":{"name":"(anonymous_5)","decl":{"start":{"line":203,"column":34},"end":{"line":203,"column":35}},"loc":{"start":{"line":203,"column":46},"end":{"line":219,"column":1}},"line":203},"6":{"name":"(anonymous_6)","decl":{"start":{"line":205,"column":39},"end":{"line":205,"column":40}},"loc":{"start":{"line":205,"column":44},"end":{"line":205,"column":59}},"line":205},"7":{"name":"(anonymous_7)","decl":{"start":{"line":224,"column":29},"end":{"line":224,"column":30}},"loc":{"start":{"line":224,"column":41},"end":{"line":224,"column":72}},"line":224},"8":{"name":"(anonymous_8)","decl":{"start":{"line":229,"column":23},"end":{"line":229,"column":24}},"loc":{"start":{"line":229,"column":37},"end":{"line":254,"column":1}},"line":229},"9":{"name":"(anonymous_9)","decl":{"start":{"line":233,"column":18},"end":{"line":233,"column":19}},"loc":{"start":{"line":233,"column":23},"end":{"line":233,"column":43}},"line":233},"10":{"name":"(anonymous_10)","decl":{"start":{"line":259,"column":26},"end":{"line":259,"column":27}},"loc":{"start":{"line":259,"column":38},"end":{"line":273,"column":1}},"line":259},"11":{"name":"(anonymous_11)","decl":{"start":{"line":265,"column":29},"end":{"line":265,"column":30}},"loc":{"start":{"line":265,"column":34},"end":{"line":265,"column":49}},"line":265},"12":{"name":"(anonymous_12)","decl":{"start":{"line":270,"column":25},"end":{"line":270,"column":26}},"loc":{"start":{"line":270,"column":30},"end":{"line":270,"column":45}},"line":270},"13":{"name":"(anonymous_13)","decl":{"start":{"line":278,"column":26},"end":{"line":278,"column":27}},"loc":{"start":{"line":278,"column":47},"end":{"line":292,"column":1}},"line":278},"14":{"name":"(anonymous_14)","decl":{"start":{"line":280,"column":33},"end":{"line":280,"column":34}},"loc":{"start":{"line":280,"column":38},"end":{"line":280,"column":53}},"line":280},"15":{"name":"(anonymous_15)","decl":{"start":{"line":297,"column":37},"end":{"line":297,"column":38}},"loc":{"start":{"line":297,"column":62},"end":{"line":318,"column":1}},"line":297},"16":{"name":"(anonymous_16)","decl":{"start":{"line":299,"column":33},"end":{"line":299,"column":34}},"loc":{"start":{"line":299,"column":38},"end":{"line":299,"column":53}},"line":299},"17":{"name":"(anonymous_17)","decl":{"start":{"line":327,"column":29},"end":{"line":327,"column":30}},"loc":{"start":{"line":327,"column":51},"end":{"line":349,"column":1}},"line":327},"18":{"name":"(anonymous_18)","decl":{"start":{"line":341,"column":39},"end":{"line":341,"column":40}},"loc":{"start":{"line":341,"column":44},"end":{"line":341,"column":62}},"line":341},"19":{"name":"(anonymous_19)","decl":{"start":{"line":351,"column":32},"end":{"line":351,"column":33}},"loc":{"start":{"line":351,"column":49},"end":{"line":351,"column":88}},"line":351},"20":{"name":"(anonymous_20)","decl":{"start":{"line":351,"column":60},"end":{"line":351,"column":61}},"loc":{"start":{"line":351,"column":65},"end":{"line":351,"column":87}},"line":351},"21":{"name":"(anonymous_21)","decl":{"start":{"line":352,"column":33},"end":{"line":352,"column":34}},"loc":{"start":{"line":352,"column":50},"end":{"line":352,"column":90}},"line":352},"22":{"name":"(anonymous_22)","decl":{"start":{"line":352,"column":62},"end":{"line":352,"column":63}},"loc":{"start":{"line":352,"column":67},"end":{"line":352,"column":89}},"line":352},"23":{"name":"(anonymous_23)","decl":{"start":{"line":357,"column":31},"end":{"line":357,"column":32}},"loc":{"start":{"line":357,"column":51},"end":{"line":360,"column":1}},"line":357},"24":{"name":"(anonymous_24)","decl":{"start":{"line":365,"column":28},"end":{"line":365,"column":29}},"loc":{"start":{"line":365,"column":45},"end":{"line":365,"column":114}},"line":365},"25":{"name":"(anonymous_25)","decl":{"start":{"line":365,"column":93},"end":{"line":365,"column":94}},"loc":{"start":{"line":365,"column":98},"end":{"line":365,"column":113}},"line":365},"26":{"name":"(anonymous_26)","decl":{"start":{"line":370,"column":30},"end":{"line":370,"column":31}},"loc":{"start":{"line":370,"column":54},"end":{"line":377,"column":1}},"line":370},"27":{"name":"(anonymous_27)","decl":{"start":{"line":388,"column":31},"end":{"line":388,"column":32}},"loc":{"start":{"line":388,"column":41},"end":{"line":410,"column":1}},"line":388},"28":{"name":"(anonymous_28)","decl":{"start":{"line":397,"column":39},"end":{"line":397,"column":40}},"loc":{"start":{"line":397,"column":44},"end":{"line":397,"column":57}},"line":397},"29":{"name":"(anonymous_29)","decl":{"start":{"line":415,"column":33},"end":{"line":415,"column":34}},"loc":{"start":{"line":415,"column":43},"end":{"line":418,"column":1}},"line":415},"30":{"name":"(anonymous_30)","decl":{"start":{"line":427,"column":34},"end":{"line":427,"column":35}},"loc":{"start":{"line":427,"column":40},"end":{"line":435,"column":1}},"line":427},"31":{"name":"(anonymous_31)","decl":{"start":{"line":440,"column":33},"end":{"line":440,"column":34}},"loc":{"start":{"line":440,"column":39},"end":{"line":452,"column":1}},"line":440},"32":{"name":"(anonymous_32)","decl":{"start":{"line":458,"column":33},"end":{"line":458,"column":34}},"loc":{"start":{"line":458,"column":47},"end":{"line":518,"column":1}},"line":458},"33":{"name":"(anonymous_33)","decl":{"start":{"line":474,"column":32},"end":{"line":474,"column":33}},"loc":{"start":{"line":474,"column":49},"end":{"line":482,"column":3}},"line":474},"34":{"name":"(anonymous_34)","decl":{"start":{"line":495,"column":43},"end":{"line":495,"column":44}},"loc":{"start":{"line":495,"column":48},"end":{"line":495,"column":52}},"line":495},"35":{"name":"(anonymous_35)","decl":{"start":{"line":497,"column":29},"end":{"line":497,"column":30}},"loc":{"start":{"line":497,"column":34},"end":{"line":497,"column":56}},"line":497},"36":{"name":"(anonymous_36)","decl":{"start":{"line":523,"column":35},"end":{"line":523,"column":36}},"loc":{"start":{"line":523,"column":45},"end":{"line":538,"column":1}},"line":523},"37":{"name":"(anonymous_37)","decl":{"start":{"line":524,"column":21},"end":{"line":524,"column":22}},"loc":{"start":{"line":524,"column":42},"end":{"line":537,"column":3}},"line":524},"38":{"name":"(anonymous_38)","decl":{"start":{"line":526,"column":20},"end":{"line":526,"column":21}},"loc":{"start":{"line":526,"column":27},"end":{"line":534,"column":5}},"line":526},"39":{"name":"(anonymous_39)","decl":{"start":{"line":535,"column":21},"end":{"line":535,"column":22}},"loc":{"start":{"line":535,"column":27},"end":{"line":535,"column":76}},"line":535}},"branchMap":{"0":{"loc":{"start":{"line":160,"column":11},"end":{"line":160,"column":34}},"type":"binary-expr","locations":[{"start":{"line":160,"column":11},"end":{"line":160,"column":28}},{"start":{"line":160,"column":32},"end":{"line":160,"column":34}}],"line":160},"1":{"loc":{"start":{"line":206,"column":2},"end":{"line":206,"column":null}},"type":"if","locations":[{"start":{"line":206,"column":2},"end":{"line":206,"column":null}},{"start":{},"end":{}}],"line":206},"2":{"loc":{"start":{"line":206,"column":21},"end":{"line":206,"column":45}},"type":"binary-expr","locations":[{"start":{"line":206,"column":21},"end":{"line":206,"column":39}},{"start":{"line":206,"column":43},"end":{"line":206,"column":45}}],"line":206},"3":{"loc":{"start":{"line":211,"column":22},"end":{"line":211,"column":60}},"type":"binary-expr","locations":[{"start":{"line":211,"column":22},"end":{"line":211,"column":54}},{"start":{"line":211,"column":58},"end":{"line":211,"column":60}}],"line":211},"4":{"loc":{"start":{"line":212,"column":4},"end":{"line":214,"column":null}},"type":"if","locations":[{"start":{"line":212,"column":4},"end":{"line":214,"column":null}},{"start":{},"end":{}}],"line":212},"5":{"loc":{"start":{"line":218,"column":9},"end":{"line":218,"column":47}},"type":"binary-expr","locations":[{"start":{"line":218,"column":9},"end":{"line":218,"column":41}},{"start":{"line":218,"column":45},"end":{"line":218,"column":47}}],"line":218},"6":{"loc":{"start":{"line":233,"column":2},"end":{"line":235,"column":null}},"type":"if","locations":[{"start":{"line":233,"column":2},"end":{"line":235,"column":null}},{"start":{},"end":{}}],"line":233},"7":{"loc":{"start":{"line":236,"column":2},"end":{"line":238,"column":null}},"type":"if","locations":[{"start":{"line":236,"column":2},"end":{"line":238,"column":null}},{"start":{},"end":{}}],"line":236},"8":{"loc":{"start":{"line":242,"column":11},"end":{"line":242,"column":40}},"type":"binary-expr","locations":[{"start":{"line":242,"column":11},"end":{"line":242,"column":25}},{"start":{"line":242,"column":29},"end":{"line":242,"column":40}}],"line":242},"9":{"loc":{"start":{"line":243,"column":10},"end":{"line":243,"column":31}},"type":"binary-expr","locations":[{"start":{"line":243,"column":10},"end":{"line":243,"column":23}},{"start":{"line":243,"column":27},"end":{"line":243,"column":31}}],"line":243},"10":{"loc":{"start":{"line":244,"column":11},"end":{"line":244,"column":38}},"type":"binary-expr","locations":[{"start":{"line":244,"column":11},"end":{"line":244,"column":25}},{"start":{"line":244,"column":29},"end":{"line":244,"column":38}}],"line":244},"11":{"loc":{"start":{"line":245,"column":13},"end":{"line":245,"column":42}},"type":"binary-expr","locations":[{"start":{"line":245,"column":13},"end":{"line":245,"column":29}},{"start":{"line":245,"column":33},"end":{"line":245,"column":42}}],"line":245},"12":{"loc":{"start":{"line":246,"column":17},"end":{"line":246,"column":43}},"type":"binary-expr","locations":[{"start":{"line":246,"column":17},"end":{"line":246,"column":37}},{"start":{"line":246,"column":41},"end":{"line":246,"column":43}}],"line":246},"13":{"loc":{"start":{"line":247,"column":11},"end":{"line":247,"column":30}},"type":"binary-expr","locations":[{"start":{"line":247,"column":11},"end":{"line":247,"column":25}},{"start":{"line":247,"column":29},"end":{"line":247,"column":30}}],"line":247},"14":{"loc":{"start":{"line":248,"column":17},"end":{"line":248,"column":43}},"type":"binary-expr","locations":[{"start":{"line":248,"column":17},"end":{"line":248,"column":37}},{"start":{"line":248,"column":41},"end":{"line":248,"column":43}}],"line":248},"15":{"loc":{"start":{"line":260,"column":2},"end":{"line":262,"column":null}},"type":"if","locations":[{"start":{"line":260,"column":2},"end":{"line":262,"column":null}},{"start":{},"end":{}}],"line":260},"16":{"loc":{"start":{"line":266,"column":2},"end":{"line":268,"column":null}},"type":"if","locations":[{"start":{"line":266,"column":2},"end":{"line":268,"column":null}},{"start":{},"end":{}}],"line":266},"17":{"loc":{"start":{"line":282,"column":2},"end":{"line":287,"column":null}},"type":"if","locations":[{"start":{"line":282,"column":2},"end":{"line":287,"column":null}},{"start":{},"end":{}}],"line":282},"18":{"loc":{"start":{"line":301,"column":2},"end":{"line":306,"column":null}},"type":"if","locations":[{"start":{"line":301,"column":2},"end":{"line":306,"column":null}},{"start":{},"end":{}}],"line":301},"19":{"loc":{"start":{"line":311,"column":22},"end":{"line":311,"column":60}},"type":"binary-expr","locations":[{"start":{"line":311,"column":22},"end":{"line":311,"column":54}},{"start":{"line":311,"column":58},"end":{"line":311,"column":60}}],"line":311},"20":{"loc":{"start":{"line":328,"column":2},"end":{"line":328,"column":null}},"type":"if","locations":[{"start":{"line":328,"column":2},"end":{"line":328,"column":null}},{"start":{},"end":{}}],"line":328},"21":{"loc":{"start":{"line":328,"column":6},"end":{"line":328,"column":25}},"type":"binary-expr","locations":[{"start":{"line":328,"column":6},"end":{"line":328,"column":11}},{"start":{"line":328,"column":15},"end":{"line":328,"column":25}}],"line":328},"22":{"loc":{"start":{"line":329,"column":2},"end":{"line":329,"column":null}},"type":"if","locations":[{"start":{"line":329,"column":2},"end":{"line":329,"column":null}},{"start":{},"end":{}}],"line":329},"23":{"loc":{"start":{"line":334,"column":22},"end":{"line":334,"column":60}},"type":"binary-expr","locations":[{"start":{"line":334,"column":22},"end":{"line":334,"column":54}},{"start":{"line":334,"column":58},"end":{"line":334,"column":60}}],"line":334},"24":{"loc":{"start":{"line":335,"column":4},"end":{"line":337,"column":null}},"type":"if","locations":[{"start":{"line":335,"column":4},"end":{"line":337,"column":null}},{"start":{},"end":{}}],"line":335},"25":{"loc":{"start":{"line":342,"column":2},"end":{"line":344,"column":null}},"type":"if","locations":[{"start":{"line":342,"column":2},"end":{"line":344,"column":null}},{"start":{},"end":{}}],"line":342},"26":{"loc":{"start":{"line":348,"column":12},"end":{"line":348,"column":47}},"type":"binary-expr","locations":[{"start":{"line":348,"column":12},"end":{"line":348,"column":17}},{"start":{"line":348,"column":21},"end":{"line":348,"column":47}}],"line":348},"27":{"loc":{"start":{"line":359,"column":9},"end":{"line":359,"column":39}},"type":"binary-expr","locations":[{"start":{"line":359,"column":9},"end":{"line":359,"column":13}},{"start":{"line":359,"column":17},"end":{"line":359,"column":39}}],"line":359},"28":{"loc":{"start":{"line":365,"column":45},"end":{"line":365,"column":114}},"type":"cond-expr","locations":[{"start":{"line":365,"column":72},"end":{"line":365,"column":77}},{"start":{"line":365,"column":80},"end":{"line":365,"column":114}}],"line":365},"29":{"loc":{"start":{"line":365,"column":45},"end":{"line":365,"column":69}},"type":"binary-expr","locations":[{"start":{"line":365,"column":45},"end":{"line":365,"column":50}},{"start":{"line":365,"column":54},"end":{"line":365,"column":69}}],"line":365},"30":{"loc":{"start":{"line":371,"column":2},"end":{"line":371,"column":null}},"type":"if","locations":[{"start":{"line":371,"column":2},"end":{"line":371,"column":null}},{"start":{},"end":{}}],"line":371},"31":{"loc":{"start":{"line":372,"column":2},"end":{"line":372,"column":null}},"type":"if","locations":[{"start":{"line":372,"column":2},"end":{"line":372,"column":null}},{"start":{},"end":{}}],"line":372},"32":{"loc":{"start":{"line":373,"column":2},"end":{"line":373,"column":null}},"type":"if","locations":[{"start":{"line":373,"column":2},"end":{"line":373,"column":null}},{"start":{},"end":{}}],"line":373},"33":{"loc":{"start":{"line":376,"column":9},"end":{"line":376,"column":73}},"type":"binary-expr","locations":[{"start":{"line":376,"column":9},"end":{"line":376,"column":17}},{"start":{"line":376,"column":21},"end":{"line":376,"column":33}},{"start":{"line":376,"column":37},"end":{"line":376,"column":73}}],"line":376},"34":{"loc":{"start":{"line":389,"column":2},"end":{"line":389,"column":null}},"type":"if","locations":[{"start":{"line":389,"column":2},"end":{"line":389,"column":null}},{"start":{},"end":{}}],"line":389},"35":{"loc":{"start":{"line":392,"column":2},"end":{"line":394,"column":null}},"type":"if","locations":[{"start":{"line":392,"column":2},"end":{"line":394,"column":null}},{"start":{},"end":{}}],"line":392},"36":{"loc":{"start":{"line":398,"column":2},"end":{"line":407,"column":null}},"type":"if","locations":[{"start":{"line":398,"column":2},"end":{"line":407,"column":null}},{"start":{},"end":{}}],"line":398},"37":{"loc":{"start":{"line":405,"column":13},"end":{"line":405,"column":30}},"type":"binary-expr","locations":[{"start":{"line":405,"column":13},"end":{"line":405,"column":25}},{"start":{"line":405,"column":29},"end":{"line":405,"column":30}}],"line":405},"38":{"loc":{"start":{"line":432,"column":18},"end":{"line":432,"column":41}},"type":"binary-expr","locations":[{"start":{"line":432,"column":18},"end":{"line":432,"column":35}},{"start":{"line":432,"column":39},"end":{"line":432,"column":41}}],"line":432},"39":{"loc":{"start":{"line":433,"column":33},"end":{"line":433,"column":71}},"type":"binary-expr","locations":[{"start":{"line":433,"column":33},"end":{"line":433,"column":65}},{"start":{"line":433,"column":69},"end":{"line":433,"column":71}}],"line":433},"40":{"loc":{"start":{"line":460,"column":2},"end":{"line":462,"column":null}},"type":"if","locations":[{"start":{"line":460,"column":2},"end":{"line":462,"column":null}},{"start":{},"end":{}}],"line":460},"41":{"loc":{"start":{"line":460,"column":6},"end":{"line":460,"column":47}},"type":"binary-expr","locations":[{"start":{"line":460,"column":6},"end":{"line":460,"column":15}},{"start":{"line":460,"column":19},"end":{"line":460,"column":47}}],"line":460},"42":{"loc":{"start":{"line":464,"column":2},"end":{"line":466,"column":null}},"type":"if","locations":[{"start":{"line":464,"column":2},"end":{"line":466,"column":null}},{"start":{},"end":{}}],"line":464},"43":{"loc":{"start":{"line":464,"column":6},"end":{"line":464,"column":69}},"type":"binary-expr","locations":[{"start":{"line":464,"column":6},"end":{"line":464,"column":28}},{"start":{"line":464,"column":32},"end":{"line":464,"column":69}}],"line":464},"44":{"loc":{"start":{"line":469,"column":2},"end":{"line":471,"column":null}},"type":"if","locations":[{"start":{"line":469,"column":2},"end":{"line":471,"column":null}},{"start":{},"end":{}}],"line":469},"45":{"loc":{"start":{"line":475,"column":4},"end":{"line":477,"column":null}},"type":"if","locations":[{"start":{"line":475,"column":4},"end":{"line":477,"column":null}},{"start":{},"end":{}}],"line":475},"46":{"loc":{"start":{"line":475,"column":8},"end":{"line":475,"column":31}},"type":"binary-expr","locations":[{"start":{"line":475,"column":8},"end":{"line":475,"column":16}},{"start":{"line":475,"column":20},"end":{"line":475,"column":31}}],"line":475},"47":{"loc":{"start":{"line":479,"column":4},"end":{"line":481,"column":null}},"type":"if","locations":[{"start":{"line":479,"column":4},"end":{"line":481,"column":null}},{"start":{},"end":{}}],"line":479},"48":{"loc":{"start":{"line":486,"column":25},"end":{"line":488,"column":7}},"type":"cond-expr","locations":[{"start":{"line":487,"column":6},"end":{"line":487,"column":null}},{"start":{"line":488,"column":6},"end":{"line":488,"column":7}}],"line":486},"49":{"loc":{"start":{"line":494,"column":25},"end":{"line":494,"column":48}},"type":"binary-expr","locations":[{"start":{"line":494,"column":25},"end":{"line":494,"column":42}},{"start":{"line":494,"column":46},"end":{"line":494,"column":48}}],"line":494},"50":{"loc":{"start":{"line":504,"column":28},"end":{"line":504,"column":66}},"type":"binary-expr","locations":[{"start":{"line":504,"column":28},"end":{"line":504,"column":60}},{"start":{"line":504,"column":64},"end":{"line":504,"column":66}}],"line":504},"51":{"loc":{"start":{"line":507,"column":8},"end":{"line":507,"column":50}},"type":"binary-expr","locations":[{"start":{"line":507,"column":8},"end":{"line":507,"column":44}},{"start":{"line":507,"column":48},"end":{"line":507,"column":50}}],"line":507}},"s":{"0":1,"1":1,"2":1,"3":1,"4":1,"5":1,"6":1,"7":1,"8":30,"9":30,"10":30,"11":3,"12":1,"13":0,"14":0,"15":0,"16":0,"17":0,"18":0,"19":0,"20":1,"21":0,"22":0,"23":0,"24":0,"25":0,"26":1,"27":11,"28":4,"29":11,"30":3,"31":8,"32":8,"33":8,"34":11,"35":3,"36":5,"37":1,"38":0,"39":1,"40":0,"41":0,"42":0,"43":0,"44":0,"45":0,"46":0,"47":0,"48":0,"49":0,"50":1,"51":0,"52":0,"53":0,"54":0,"55":0,"56":0,"57":0,"58":0,"59":0,"60":0,"61":0,"62":1,"63":0,"64":0,"65":0,"66":0,"67":0,"68":0,"69":0,"70":0,"71":1,"72":0,"73":0,"74":0,"75":0,"76":0,"77":0,"78":0,"79":0,"80":0,"81":0,"82":0,"83":0,"84":0,"85":0,"86":1,"87":62,"88":3,"89":59,"90":36,"91":23,"92":23,"93":23,"94":62,"95":4,"96":19,"97":3,"98":19,"99":3,"100":16,"101":16,"102":1,"103":3,"104":4,"105":1,"106":3,"107":6,"108":1,"109":0,"110":0,"111":1,"112":0,"113":0,"114":1,"115":0,"116":0,"117":0,"118":0,"119":0,"120":0,"121":0,"122":0,"123":0,"124":1,"125":1,"126":0,"127":0,"128":0,"129":0,"130":0,"131":0,"132":0,"133":0,"134":0,"135":1,"136":0,"137":0,"138":1,"139":0,"140":0,"141":1,"142":0,"143":0,"144":0,"145":0,"146":0,"147":0,"148":0,"149":0,"150":0,"151":0,"152":0,"153":1,"154":0,"155":0,"156":0,"157":0,"158":0,"159":0,"160":0,"161":0,"162":0,"163":0,"164":0,"165":0,"166":0,"167":0,"168":0,"169":0,"170":0,"171":0,"172":0,"173":0,"174":0,"175":0,"176":0,"177":0,"178":0,"179":1,"180":0,"181":0,"182":0,"183":0,"184":0,"185":0,"186":0,"187":0,"188":0,"189":0,"190":0},"f":{"0":30,"1":0,"2":0,"3":0,"4":0,"5":11,"6":4,"7":0,"8":0,"9":0,"10":0,"11":0,"12":0,"13":0,"14":0,"15":0,"16":0,"17":62,"18":3,"19":3,"20":4,"21":3,"22":6,"23":0,"24":0,"25":0,"26":0,"27":0,"28":0,"29":0,"30":0,"31":0,"32":0,"33":0,"34":0,"35":0,"36":0,"37":0,"38":0,"39":0},"b":{"0":[30,0],"1":[3,8],"2":[3,0],"3":[8,0],"4":[3,8],"5":[5,1],"6":[0,0],"7":[0,0],"8":[0,0],"9":[0,0],"10":[0,0],"11":[0,0],"12":[0,0],"13":[0,0],"14":[0,0],"15":[0,0],"16":[0,0],"17":[0,0],"18":[0,0],"19":[0,0],"20":[3,59],"21":[62,60],"22":[36,23],"23":[23,0],"24":[4,58],"25":[3,16],"26":[16,15],"27":[0,0],"28":[0,0],"29":[0,0],"30":[0,0],"31":[0,0],"32":[0,0],"33":[0,0,0],"34":[0,0],"35":[0,0],"36":[0,0],"37":[0,0],"38":[0,0],"39":[0,0],"40":[0,0],"41":[0,0],"42":[0,0],"43":[0,0],"44":[0,0],"45":[0,0],"46":[0,0],"47":[0,0],"48":[0,0],"49":[0,0],"50":[0,0],"51":[0,0]},"meta":{"lastBranch":52,"lastFunction":40,"lastStatement":191,"seen":{"s:12:21:18:1":0,"s:20:23:20:43":1,"s:25:27:59:1":2,"s:62:33:71:1":3,"s:74:33:108:1":4,"s:113:33:140:1":5,"s:145:30:151:1":6,"s:157:23:164:1":7,"f:157:23:157:24":0,"s:158:2:163:Infinity":8,"s:159:17:159:44":9,"s:160:4:160:Infinity":10,"b:160:11:160:28:160:32:160:34":0,"s:162:4:162:Infinity":11,"s:166:24:176:1":12,"f:166:24:166:25":1,"s:167:2:175:Infinity":13,"s:168:17:168:44":14,"s:169:4:169:Infinity":15,"s:170:4:170:Infinity":16,"s:171:4:171:Infinity":17,"s:173:4:173:Infinity":18,"s:174:4:174:Infinity":19,"s:185:27:198:1":20,"f:185:27:185:28":2,"s:186:18:190:5":21,"f:186:60:186:61":3,"s:186:78:190:3":22,"s:192:17:195:5":23,"f:192:38:192:39":4,"s:192:44:195:3":24,"s:197:2:197:Infinity":25,"s:203:34:219:1":26,"f:203:34:203:35":5,"s:205:17:205:60":27,"f:205:39:205:40":6,"s:205:44:205:59":28,"b:206:2:206:Infinity:undefined:undefined:undefined:undefined":1,"s:206:2:206:Infinity":29,"s:206:14:206:Infinity":30,"b:206:21:206:39:206:43:206:45":2,"s:209:2:215:Infinity":31,"s:210:17:210:44":32,"s:211:22:211:60":33,"b:211:22:211:54:211:58:211:60":3,"b:212:4:214:Infinity:undefined:undefined:undefined:undefined":4,"s:212:4:214:Infinity":34,"s:213:6:213:Infinity":35,"s:218:2:218:Infinity":36,"b:218:9:218:41:218:45:218:47":5,"s:224:29:224:72":37,"f:224:29:224:30":7,"s:224:41:224:72":38,"s:229:23:254:1":39,"f:229:23:229:24":8,"s:230:17:230:33":40,"b:233:2:235:Infinity:undefined:undefined:undefined:undefined":6,"s:233:2:235:Infinity":41,"f:233:18:233:19":9,"s:233:23:233:43":42,"s:234:4:234:Infinity":43,"b:236:2:238:Infinity:undefined:undefined:undefined:undefined":7,"s:236:2:238:Infinity":44,"s:237:4:237:Infinity":45,"s:240:18:249:3":46,"b:242:11:242:25:242:29:242:40":8,"b:243:10:243:23:243:27:243:31":9,"b:244:11:244:25:244:29:244:38":10,"b:245:13:245:29:245:33:245:42":11,"b:246:17:246:37:246:41:246:43":12,"b:247:11:247:25:247:29:247:30":13,"b:248:17:248:37:248:41:248:43":14,"s:251:2:251:Infinity":47,"s:252:2:252:Infinity":48,"s:253:2:253:Infinity":49,"s:259:26:273:1":50,"f:259:26:259:27":10,"b:260:2:262:Infinity:undefined:undefined:undefined:undefined":15,"s:260:2:262:Infinity":51,"s:261:4:261:Infinity":52,"s:264:15:264:31":53,"s:265:17:265:50":54,"f:265:29:265:30":11,"s:265:34:265:49":55,"b:266:2:268:Infinity:undefined:undefined:undefined:undefined":16,"s:266:2:268:Infinity":56,"s:267:4:267:Infinity":57,"s:270:2:270:Infinity":58,"f:270:25:270:26":12,"s:270:30:270:45":59,"s:271:2:271:Infinity":60,"s:272:2:272:Infinity":61,"s:278:26:292:1":62,"f:278:26:278:27":13,"s:279:17:279:33":63,"s:280:16:280:54":64,"f:280:33:280:34":14,"s:280:38:280:53":65,"b:282:2:287:Infinity:undefined:undefined:undefined:undefined":17,"s:282:2:287:Infinity":66,"s:284:4:284:Infinity":67,"s:285:4:285:Infinity":68,"s:286:4:286:Infinity":69,"s:291:2:291:Infinity":70,"s:297:37:318:1":71,"f:297:37:297:38":15,"s:298:17:298:33":72,"s:299:16:299:54":73,"f:299:33:299:34":16,"s:299:38:299:53":74,"b:301:2:306:Infinity:undefined:undefined:undefined:undefined":18,"s:301:2:306:Infinity":75,"s:303:4:303:Infinity":76,"s:304:4:304:Infinity":77,"s:305:4:305:Infinity":78,"s:309:2:317:Infinity":79,"s:310:17:310:44":80,"s:311:22:311:60":81,"b:311:22:311:54:311:58:311:60":19,"s:312:4:312:Infinity":82,"s:313:4:313:Infinity":83,"s:314:4:314:Infinity":84,"s:316:4:316:Infinity":85,"s:327:29:349:1":86,"f:327:29:327:30":17,"b:328:2:328:Infinity:undefined:undefined:undefined:undefined":20,"s:328:2:328:Infinity":87,"b:328:6:328:11:328:15:328:25":21,"s:328:27:328:Infinity":88,"b:329:2:329:Infinity:undefined:undefined:undefined:undefined":22,"s:329:2:329:Infinity":89,"s:329:39:329:Infinity":90,"s:332:2:338:Infinity":91,"s:333:17:333:44":92,"s:334:22:334:60":93,"b:334:22:334:54:334:58:334:60":23,"b:335:4:337:Infinity:undefined:undefined:undefined:undefined":24,"s:335:4:337:Infinity":94,"s:336:6:336:Infinity":95,"s:341:17:341:63":96,"f:341:39:341:40":18,"s:341:44:341:62":97,"b:342:2:344:Infinity:undefined:undefined:undefined:undefined":25,"s:342:2:344:Infinity":98,"s:343:4:343:Infinity":99,"s:347:16:347:51":100,"s:348:2:348:Infinity":101,"b:348:12:348:17:348:21:348:47":26,"s:351:32:351:88":102,"f:351:32:351:33":19,"s:351:49:351:88":103,"f:351:60:351:61":20,"s:351:65:351:87":104,"s:352:33:352:90":105,"f:352:33:352:34":21,"s:352:50:352:90":106,"f:352:62:352:63":22,"s:352:67:352:89":107,"s:357:31:360:1":108,"f:357:31:357:32":23,"s:358:15:358:36":109,"s:359:2:359:Infinity":110,"b:359:9:359:13:359:17:359:39":27,"s:365:28:365:114":111,"f:365:28:365:29":24,"s:365:45:365:114":112,"b:365:72:365:77:365:80:365:114":28,"b:365:45:365:50:365:54:365:69":29,"f:365:93:365:94":25,"s:365:98:365:113":113,"s:370:30:377:1":114,"f:370:30:370:31":26,"b:371:2:371:Infinity:undefined:undefined:undefined:undefined":30,"s:371:2:371:Infinity":115,"s:371:13:371:Infinity":116,"b:372:2:372:Infinity:undefined:undefined:undefined:undefined":31,"s:372:2:372:Infinity":117,"s:372:21:372:Infinity":118,"b:373:2:373:Infinity:undefined:undefined:undefined:undefined":32,"s:373:2:373:Infinity":119,"s:373:39:373:Infinity":120,"s:374:19:374:45":121,"s:375:23:375:52":122,"s:376:2:376:Infinity":123,"b:376:9:376:17:376:21:376:33:376:37:376:73":33,"s:383:29:383:57":124,"s:388:31:410:1":125,"f:388:31:388:32":27,"b:389:2:389:Infinity:undefined:undefined:undefined:undefined":34,"s:389:2:389:Infinity":126,"s:389:13:389:Infinity":127,"b:392:2:394:Infinity:undefined:undefined:undefined:undefined":35,"s:392:2:394:Infinity":128,"s:393:4:393:Infinity":129,"s:397:17:397:58":130,"f:397:39:397:40":28,"s:397:44:397:57":131,"b:398:2:407:Infinity:undefined:undefined:undefined:undefined":36,"s:398:2:407:Infinity":132,"s:399:4:406:Infinity":133,"b:405:13:405:25:405:29:405:30":37,"s:409:2:409:Infinity":134,"s:415:33:418:1":135,"f:415:33:415:34":29,"s:416:15:416:36":136,"s:417:2:417:Infinity":137,"s:427:34:435:1":138,"f:427:34:427:35":30,"s:428:15:428:42":139,"s:429:2:434:Infinity":140,"b:432:18:432:35:432:39:432:41":38,"b:433:33:433:65:433:69:433:71":39,"s:440:33:452:1":141,"f:440:33:440:34":31,"s:441:21:441:41":142,"s:442:15:442:92":143,"s:443:14:443:39":144,"s:444:12:444:39":145,"s:445:2:445:Infinity":146,"s:446:2:446:Infinity":147,"s:447:2:447:Infinity":148,"s:448:2:448:Infinity":149,"s:449:2:449:Infinity":150,"s:450:2:450:Infinity":151,"s:451:2:451:Infinity":152,"s:458:33:518:1":153,"f:458:33:458:34":32,"b:460:2:462:Infinity:undefined:undefined:undefined:undefined":40,"s:460:2:462:Infinity":154,"b:460:6:460:15:460:19:460:47":41,"s:461:4:461:Infinity":155,"b:464:2:466:Infinity:undefined:undefined:undefined:undefined":42,"s:464:2:466:Infinity":156,"b:464:6:464:28:464:32:464:69":43,"s:465:4:465:Infinity":157,"b:469:2:471:Infinity:undefined:undefined:undefined:undefined":44,"s:469:2:471:Infinity":158,"s:470:4:470:Infinity":159,"s:474:2:482:Infinity":160,"f:474:32:474:33":33,"b:475:4:477:Infinity:undefined:undefined:undefined:undefined":45,"s:475:4:477:Infinity":161,"b:475:8:475:16:475:20:475:31":46,"s:476:6:476:Infinity":162,"b:479:4:481:Infinity:undefined:undefined:undefined:undefined":47,"s:479:4:481:Infinity":163,"s:480:6:480:Infinity":164,"s:485:27:485:55":165,"s:486:25:488:7":166,"b:487:6:487:Infinity:488:6:488:7":48,"s:491:15:491:42":167,"s:494:25:494:48":168,"b:494:25:494:42:494:46:494:48":49,"s:495:17:495:53":169,"f:495:43:495:44":34,"s:495:48:495:52":170,"s:496:23:499:3":171,"f:497:29:497:30":35,"s:497:34:497:56":172,"s:501:2:501:Infinity":173,"s:504:28:504:66":174,"b:504:28:504:60:504:64:504:66":50,"s:505:2:508:Infinity":175,"b:507:8:507:44:507:48:507:50":51,"s:510:2:510:Infinity":176,"s:511:2:511:Infinity":177,"s:513:2:517:Infinity":178,"s:523:35:538:1":179,"f:523:35:523:36":36,"s:524:2:537:Infinity":180,"f:524:21:524:22":37,"s:525:19:525:35":181,"s:526:4:534:Infinity":182,"f:526:20:526:21":38,"s:527:6:533:Infinity":183,"s:528:21:528:48":184,"s:529:23:529:46":185,"s:530:8:530:Infinity":186,"s:532:8:532:Infinity":187,"s:535:4:535:Infinity":188,"f:535:21:535:22":39,"s:535:27:535:76":189,"s:536:4:536:Infinity":190},"fnNames":{}}}
}
